{"name":"Второй тест","status":"failed","statusDetails":{"known":false,"muted":false,"flaky":false,"message":"element click intercepted: Element <span data-v-41940272=\"\" class=\"c3y2 \">...</span> is not clickable at point (91, 644). Other element would receive the click: <div data-v-41940272=\"\" class=\"c4b\">...</div>\n  (Session info: chrome=80.0.3987.122)\n  (Driver info: chromedriver=79.0.3945.36 (3582db32b33893869b8c1339e8f4d9ed1816f143-refs/branch-heads/3945@{#614}),platform=Mac OS X 10.14.5 x86_64) (WARNING: The server did not provide any stacktrace information)\nCommand duration or timeout: 1.11 seconds\nBuild info: version: '2.53.1', revision: 'a36b8b1cd5757287168e54b817830adce9b0158d', time: '2016-06-30 19:26:09'\nSystem info: host: 'Znakarik-MacBook.local', ip: '10.5.187.17', os.name: 'Mac OS X', os.arch: 'x86_64', os.version: '10.14.5', java.version: '1.8.0_231'\nDriver info: org.openqa.selenium.chrome.ChromeDriver\nCapabilities [{mobileEmulationEnabled=false, timeouts={implicit=0, pageLoad=300000, script=30000}, hasTouchScreen=false, platform=MAC, acceptSslCerts=false, goog:chromeOptions={debuggerAddress=localhost:53342}, acceptInsecureCerts=false, webStorageEnabled=true, browserName=chrome, takesScreenshot=true, javascriptEnabled=true, setWindowRect=true, unexpectedAlertBehaviour=ignore, applicationCacheEnabled=false, rotatable=false, networkConnectionEnabled=false, chrome={chromedriverVersion=79.0.3945.36 (3582db32b33893869b8c1339e8f4d9ed1816f143-refs/branch-heads/3945@{#614}), userDataDir=/var/folders/7k/7kxzhkmd37s9vbtdl70k14lw0000gp/T/.com.google.Chrome.DepM3x}, takesHeapSnapshot=true, pageLoadStrategy=normal, strictFileInteractability=false, databaseEnabled=false, handlesAlerts=true, version=80.0.3987.122, browserConnectionEnabled=false, proxy={}, nativeEvents=true, locationContextEnabled=true, cssSelectorsEnabled=true}]\nSession ID: f8ab7e83c7bec681f95499679c51b2c2","trace":"org.openqa.selenium.WebDriverException: element click intercepted: Element <span data-v-41940272=\"\" class=\"c3y2 \">...</span> is not clickable at point (91, 644). Other element would receive the click: <div data-v-41940272=\"\" class=\"c4b\">...</div>\n  (Session info: chrome=80.0.3987.122)\n  (Driver info: chromedriver=79.0.3945.36 (3582db32b33893869b8c1339e8f4d9ed1816f143-refs/branch-heads/3945@{#614}),platform=Mac OS X 10.14.5 x86_64) (WARNING: The server did not provide any stacktrace information)\nCommand duration or timeout: 1.11 seconds\nBuild info: version: '2.53.1', revision: 'a36b8b1cd5757287168e54b817830adce9b0158d', time: '2016-06-30 19:26:09'\nSystem info: host: 'Znakarik-MacBook.local', ip: '10.5.187.17', os.name: 'Mac OS X', os.arch: 'x86_64', os.version: '10.14.5', java.version: '1.8.0_231'\nDriver info: org.openqa.selenium.chrome.ChromeDriver\nCapabilities [{mobileEmulationEnabled=false, timeouts={implicit=0, pageLoad=300000, script=30000}, hasTouchScreen=false, platform=MAC, acceptSslCerts=false, goog:chromeOptions={debuggerAddress=localhost:53342}, acceptInsecureCerts=false, webStorageEnabled=true, browserName=chrome, takesScreenshot=true, javascriptEnabled=true, setWindowRect=true, unexpectedAlertBehaviour=ignore, applicationCacheEnabled=false, rotatable=false, networkConnectionEnabled=false, chrome={chromedriverVersion=79.0.3945.36 (3582db32b33893869b8c1339e8f4d9ed1816f143-refs/branch-heads/3945@{#614}), userDataDir=/var/folders/7k/7kxzhkmd37s9vbtdl70k14lw0000gp/T/.com.google.Chrome.DepM3x}, takesHeapSnapshot=true, pageLoadStrategy=normal, strictFileInteractability=false, databaseEnabled=false, handlesAlerts=true, version=80.0.3987.122, browserConnectionEnabled=false, proxy={}, nativeEvents=true, locationContextEnabled=true, cssSelectorsEnabled=true}]\nSession ID: f8ab7e83c7bec681f95499679c51b2c2\n\tat sun.reflect.NativeConstructorAccessorImpl.newInstance0(Native Method)\n\tat sun.reflect.NativeConstructorAccessorImpl.newInstance(NativeConstructorAccessorImpl.java:62)\n\tat sun.reflect.DelegatingConstructorAccessorImpl.newInstance(DelegatingConstructorAccessorImpl.java:45)\n\tat java.lang.reflect.Constructor.newInstance(Constructor.java:423)\n\tat org.openqa.selenium.remote.ErrorHandler.createThrowable(ErrorHandler.java:206)\n\tat org.openqa.selenium.remote.ErrorHandler.throwIfResponseFailed(ErrorHandler.java:158)\n\tat org.openqa.selenium.remote.RemoteWebDriver.execute(RemoteWebDriver.java:678)\n\tat org.openqa.selenium.remote.RemoteWebElement.execute(RemoteWebElement.java:327)\n\tat org.openqa.selenium.remote.RemoteWebElement.click(RemoteWebElement.java:85)\n\tat ru.stqa.selenium.wrapper.WebDriverWrapper$WebElementWrapper.click(WebDriverWrapper.java:319)\n\tat sun.reflect.NativeMethodAccessorImpl.invoke0(Native Method)\n\tat sun.reflect.NativeMethodAccessorImpl.invoke(NativeMethodAccessorImpl.java:62)\n\tat sun.reflect.DelegatingMethodAccessorImpl.invoke(DelegatingMethodAccessorImpl.java:43)\n\tat java.lang.reflect.Method.invoke(Method.java:498)\n\tat ru.stqa.selenium.wrapper.WebDriverWrapper.callMethodGlobal(WebDriverWrapper.java:163)\n\tat ru.stqa.selenium.wrapper.AbstractWrapper.callMethod(AbstractWrapper.java:165)\n\tat ru.stqa.selenium.wrapper.AbstractWrapper$1.invoke(AbstractWrapper.java:119)\n\tat com.sun.proxy.$Proxy19.click(Unknown Source)\n\tat steps.ItemsPageSteps.voteHighPriority(ItemsPageSteps.java:61)\n\tat steps.CucumberSteps.chooseHighRate(CucumberSteps.java:40)\n\tat ✽.Отметить чекбокс – \"Высокий рейтинг\"(./src/test/java/features/second.feature:11)\n"},"stage":"finished","steps":[{"name":"before","status":"passed","stage":"finished","steps":[],"attachments":[],"parameters":[],"start":1582893390753,"stop":1582893398818},{"name":"Когда  Перейдите на сервис \"http://www.ozon.ru/\"","status":"passed","stage":"finished","steps":[{"name":"Переходим по адресу \"(.+)\"$","status":"passed","stage":"finished","steps":[],"attachments":[],"parameters":[{"name":"address","value":"http://www.ozon.ru/"}],"start":1582893398990,"stop":1582893402407}],"attachments":[],"parameters":[],"start":1582893398820,"stop":1582893402415},{"name":"Когда  Выполните поиск по \"беспроводные наушники\"","status":"passed","stage":"finished","steps":[{"name":"Вводим к строке поиска \"(.+)\"$","status":"passed","stage":"finished","steps":[],"attachments":[],"parameters":[{"name":"input","value":"беспроводные наушники"}],"start":1582893402418,"stop":1582893412985}],"attachments":[],"parameters":[],"start":1582893402417,"stop":1582893412986},{"name":"Когда  Ограничить цену до \"10 000\"","status":"passed","stage":"finished","steps":[{"name":"Ограничиваем цену \"(.+)\"$","status":"passed","stage":"finished","steps":[],"attachments":[],"parameters":[{"name":"limit","value":"10 000"}],"start":1582893412988,"stop":1582893418862}],"attachments":[],"parameters":[],"start":1582893412987,"stop":1582893418863},{"name":"Когда  Бренды : \"Beats\", \"Samsung\"","status":"passed","stage":"finished","steps":[{"name":"Бренды : \"(.+)\", \"(.+)\"","status":"passed","stage":"finished","steps":[],"attachments":[],"parameters":[{"name":"first","value":"Beats"},{"name":"second","value":"Samsung"}],"start":1582893418866,"stop":1582893471789}],"attachments":[],"parameters":[],"start":1582893418865,"stop":1582893471789},{"name":"Когда  Отметить чекбокс – \"Высокий рейтинг\"","status":"failed","stage":"finished","steps":[{"name":"Выбираем приоритет выдачи поиска","status":"broken","statusDetails":{"known":false,"muted":false,"flaky":false,"message":"element click intercepted: Element <span data-v-41940272=\"\" class=\"c3y2 \">...</span> is not clickable at point (91, 644). Other element would receive the click: <div data-v-41940272=\"\" class=\"c4b\">...</div>\n  (Session info: chrome=80.0.3987.122)\n  (Driver info: chromedriver=79.0.3945.36 (3582db32b33893869b8c1339e8f4d9ed1816f143-refs/branch-heads/3945@{#614}),platform=Mac OS X 10.14.5 x86_64) (WARNING: The server did not provide any stacktrace information)\nCommand duration or timeout: 1.11 seconds\nBuild info: version: '2.53.1', revision: 'a36b8b1cd5757287168e54b817830adce9b0158d', time: '2016-06-30 19:26:09'\nSystem info: host: 'Znakarik-MacBook.local', ip: '10.5.187.17', os.name: 'Mac OS X', os.arch: 'x86_64', os.version: '10.14.5', java.version: '1.8.0_231'\nDriver info: org.openqa.selenium.chrome.ChromeDriver\nCapabilities [{mobileEmulationEnabled=false, timeouts={implicit=0, pageLoad=300000, script=30000}, hasTouchScreen=false, platform=MAC, acceptSslCerts=false, goog:chromeOptions={debuggerAddress=localhost:53342}, acceptInsecureCerts=false, webStorageEnabled=true, browserName=chrome, takesScreenshot=true, javascriptEnabled=true, setWindowRect=true, unexpectedAlertBehaviour=ignore, applicationCacheEnabled=false, rotatable=false, networkConnectionEnabled=false, chrome={chromedriverVersion=79.0.3945.36 (3582db32b33893869b8c1339e8f4d9ed1816f143-refs/branch-heads/3945@{#614}), userDataDir=/var/folders/7k/7kxzhkmd37s9vbtdl70k14lw0000gp/T/.com.google.Chrome.DepM3x}, takesHeapSnapshot=true, pageLoadStrategy=normal, strictFileInteractability=false, databaseEnabled=false, handlesAlerts=true, version=80.0.3987.122, browserConnectionEnabled=false, proxy={}, nativeEvents=true, locationContextEnabled=true, cssSelectorsEnabled=true}]\nSession ID: f8ab7e83c7bec681f95499679c51b2c2","trace":"org.openqa.selenium.WebDriverException: element click intercepted: Element <span data-v-41940272=\"\" class=\"c3y2 \">...</span> is not clickable at point (91, 644). Other element would receive the click: <div data-v-41940272=\"\" class=\"c4b\">...</div>\n  (Session info: chrome=80.0.3987.122)\n  (Driver info: chromedriver=79.0.3945.36 (3582db32b33893869b8c1339e8f4d9ed1816f143-refs/branch-heads/3945@{#614}),platform=Mac OS X 10.14.5 x86_64) (WARNING: The server did not provide any stacktrace information)\nCommand duration or timeout: 1.11 seconds\nBuild info: version: '2.53.1', revision: 'a36b8b1cd5757287168e54b817830adce9b0158d', time: '2016-06-30 19:26:09'\nSystem info: host: 'Znakarik-MacBook.local', ip: '10.5.187.17', os.name: 'Mac OS X', os.arch: 'x86_64', os.version: '10.14.5', java.version: '1.8.0_231'\nDriver info: org.openqa.selenium.chrome.ChromeDriver\nCapabilities [{mobileEmulationEnabled=false, timeouts={implicit=0, pageLoad=300000, script=30000}, hasTouchScreen=false, platform=MAC, acceptSslCerts=false, goog:chromeOptions={debuggerAddress=localhost:53342}, acceptInsecureCerts=false, webStorageEnabled=true, browserName=chrome, takesScreenshot=true, javascriptEnabled=true, setWindowRect=true, unexpectedAlertBehaviour=ignore, applicationCacheEnabled=false, rotatable=false, networkConnectionEnabled=false, chrome={chromedriverVersion=79.0.3945.36 (3582db32b33893869b8c1339e8f4d9ed1816f143-refs/branch-heads/3945@{#614}), userDataDir=/var/folders/7k/7kxzhkmd37s9vbtdl70k14lw0000gp/T/.com.google.Chrome.DepM3x}, takesHeapSnapshot=true, pageLoadStrategy=normal, strictFileInteractability=false, databaseEnabled=false, handlesAlerts=true, version=80.0.3987.122, browserConnectionEnabled=false, proxy={}, nativeEvents=true, locationContextEnabled=true, cssSelectorsEnabled=true}]\nSession ID: f8ab7e83c7bec681f95499679c51b2c2\n\tat sun.reflect.NativeConstructorAccessorImpl.newInstance0(Native Method)\n\tat sun.reflect.NativeConstructorAccessorImpl.newInstance(NativeConstructorAccessorImpl.java:62)\n\tat sun.reflect.DelegatingConstructorAccessorImpl.newInstance(DelegatingConstructorAccessorImpl.java:45)\n\tat java.lang.reflect.Constructor.newInstance(Constructor.java:423)\n\tat org.openqa.selenium.remote.ErrorHandler.createThrowable(ErrorHandler.java:206)\n\tat org.openqa.selenium.remote.ErrorHandler.throwIfResponseFailed(ErrorHandler.java:158)\n\tat org.openqa.selenium.remote.RemoteWebDriver.execute(RemoteWebDriver.java:678)\n\tat org.openqa.selenium.remote.RemoteWebElement.execute(RemoteWebElement.java:327)\n\tat org.openqa.selenium.remote.RemoteWebElement.click(RemoteWebElement.java:85)\n\tat ru.stqa.selenium.wrapper.WebDriverWrapper$WebElementWrapper.click(WebDriverWrapper.java:319)\n\tat sun.reflect.NativeMethodAccessorImpl.invoke0(Native Method)\n\tat sun.reflect.NativeMethodAccessorImpl.invoke(NativeMethodAccessorImpl.java:62)\n\tat sun.reflect.DelegatingMethodAccessorImpl.invoke(DelegatingMethodAccessorImpl.java:43)\n\tat java.lang.reflect.Method.invoke(Method.java:498)\n\tat ru.stqa.selenium.wrapper.WebDriverWrapper.callMethodGlobal(WebDriverWrapper.java:163)\n\tat ru.stqa.selenium.wrapper.AbstractWrapper.callMethod(AbstractWrapper.java:165)\n\tat ru.stqa.selenium.wrapper.AbstractWrapper$1.invoke(AbstractWrapper.java:119)\n\tat com.sun.proxy.$Proxy19.click(Unknown Source)\n\tat steps.ItemsPageSteps.voteHighPriority(ItemsPageSteps.java:61)\n\tat steps.CucumberSteps.chooseHighRate(CucumberSteps.java:40)\n\tat sun.reflect.NativeMethodAccessorImpl.invoke0(Native Method)\n\tat sun.reflect.NativeMethodAccessorImpl.invoke(NativeMethodAccessorImpl.java:62)\n\tat sun.reflect.DelegatingMethodAccessorImpl.invoke(DelegatingMethodAccessorImpl.java:43)\n\tat java.lang.reflect.Method.invoke(Method.java:498)\n\tat cucumber.runtime.Utils$1.call(Utils.java:26)\n\tat cucumber.runtime.Timeout.timeout(Timeout.java:16)\n\tat cucumber.runtime.Utils.invoke(Utils.java:20)\n\tat cucumber.runtime.java.JavaStepDefinition.execute(JavaStepDefinition.java:48)\n\tat cucumber.runtime.PickleStepDefinitionMatch.runStep(PickleStepDefinitionMatch.java:50)\n\tat cucumber.runner.TestStep.executeStep(TestStep.java:55)\n\tat cucumber.runner.TestStep.run(TestStep.java:42)\n\tat cucumber.runner.PickleStepTestStep.run(PickleStepTestStep.java:53)\n\tat cucumber.runner.TestCase.run(TestCase.java:47)\n\tat cucumber.runner.Runner.runPickle(Runner.java:44)\n\tat cucumber.runtime.junit.PickleRunners$NoStepDescriptions.run(PickleRunners.java:140)\n\tat cucumber.runtime.junit.FeatureRunner.runChild(FeatureRunner.java:68)\n\tat cucumber.runtime.junit.FeatureRunner.runChild(FeatureRunner.java:23)\n\tat org.junit.runners.ParentRunner$3.run(ParentRunner.java:290)\n\tat org.junit.runners.ParentRunner$1.schedule(ParentRunner.java:71)\n\tat org.junit.runners.ParentRunner.runChildren(ParentRunner.java:288)\n\tat org.junit.runners.ParentRunner.access$000(ParentRunner.java:58)\n\tat org.junit.runners.ParentRunner$2.evaluate(ParentRunner.java:268)\n\tat org.junit.runners.ParentRunner.run(ParentRunner.java:363)\n\tat cucumber.runtime.junit.FeatureRunner.run(FeatureRunner.java:73)\n\tat cucumber.api.junit.Cucumber.runChild(Cucumber.java:98)\n\tat cucumber.api.junit.Cucumber.runChild(Cucumber.java:55)\n\tat org.junit.runners.ParentRunner$3.run(ParentRunner.java:290)\n\tat org.junit.runners.ParentRunner$1.schedule(ParentRunner.java:71)\n\tat org.junit.runners.ParentRunner.runChildren(ParentRunner.java:288)\n\tat org.junit.runners.ParentRunner.access$000(ParentRunner.java:58)\n\tat org.junit.runners.ParentRunner$2.evaluate(ParentRunner.java:268)\n\tat cucumber.api.junit.Cucumber$1.evaluate(Cucumber.java:107)\n\tat org.junit.runners.ParentRunner.run(ParentRunner.java:363)\n\tat org.junit.runner.JUnitCore.run(JUnitCore.java:137)\n\tat com.intellij.junit4.JUnit4IdeaTestRunner.startRunnerWithArgs(JUnit4IdeaTestRunner.java:68)\n\tat com.intellij.rt.junit.IdeaTestRunner$Repeater.startRunnerWithArgs(IdeaTestRunner.java:33)\n\tat com.intellij.rt.junit.JUnitStarter.prepareStreamsAndStart(JUnitStarter.java:230)\n\tat com.intellij.rt.junit.JUnitStarter.main(JUnitStarter.java:58)\n"},"stage":"finished","steps":[],"attachments":[],"parameters":[{"name":"priority","value":"Высокий рейтинг"}],"start":1582893471792,"stop":1582893482402}],"attachments":[],"parameters":[],"start":1582893471791,"stop":1582893482405},{"name":"Когда  Из результатов поиска добавьте в корзину все четные товары","status":"skipped","stage":"finished","steps":[],"attachments":[],"parameters":[],"start":1582893482408,"stop":1582893482408},{"name":"Когда  Перейдите в корзину, убедитесь, что все добавленные ранее товары находятся в корзине","status":"skipped","stage":"finished","steps":[],"attachments":[],"parameters":[],"start":1582893482411,"stop":1582893482412},{"name":"Когда  Запомнить название товаров","status":"skipped","stage":"finished","steps":[],"attachments":[],"parameters":[],"start":1582893482413,"stop":1582893482414},{"name":"Когда  Перейдите в корзину, убедитесь, что все добавленные ранее товары находятся в корзине","status":"skipped","stage":"finished","steps":[],"attachments":[],"parameters":[],"start":1582893482415,"stop":1582893482415},{"name":"Когда  Удалите все товары из корзины","status":"skipped","stage":"finished","steps":[],"attachments":[],"parameters":[],"start":1582893482416,"stop":1582893482416},{"name":"Тогда  Проверьте, что корзина не содержит никаких товаров","status":"skipped","stage":"finished","steps":[],"attachments":[],"parameters":[],"start":1582893482417,"stop":1582893482417},{"name":"Тогда  Приложить файл с информацией о всех добавленных товарах, указать товар с наибольшей ценой","status":"skipped","stage":"finished","steps":[],"attachments":[],"parameters":[],"start":1582893482418,"stop":1582893482420},{"name":"after","status":"passed","stage":"finished","steps":[],"attachments":[],"parameters":[],"start":1582893482421,"stop":1582893482421}],"attachments":[],"parameters":[],"start":1582893390732,"stop":1582893482428,"uuid":"7d73e440-3783-47db-8ea7-52acdbc9d787","historyId":"74c9f31292ebed7077d1e3f28d099c8b","labels":[{"name":"feature","value":"Добавление и удаление наушников"},{"name":"story","value":"Второй тест"},{"name":"tag","value":"Second"},{"name":"host","value":"Znakarik-MacBook.local"},{"name":"package","value":"Добавление и удаление наушников"},{"name":"suite","value":"Добавление и удаление наушников"},{"name":"testClass","value":"Второй тест"},{"name":"thread","value":"5730@Znakarik-MacBook.local.main(1)"}],"links":[]}