{"name":"","status":"failed","statusDetails":{"known":false,"muted":false,"flaky":false,"message":"stale element reference: element is not attached to the page document\n  (Session info: chrome=80.0.3987.116)\n  (Driver info: chromedriver=79.0.3945.36 (3582db32b33893869b8c1339e8f4d9ed1816f143-refs/branch-heads/3945@{#614}),platform=Mac OS X 10.14.5 x86_64) (WARNING: The server did not provide any stacktrace information)\nCommand duration or timeout: 419 milliseconds\nFor documentation on this error, please visit: http://seleniumhq.org/exceptions/stale_element_reference.html\nBuild info: version: '2.53.1', revision: 'a36b8b1cd5757287168e54b817830adce9b0158d', time: '2016-06-30 19:26:09'\nSystem info: host: 'Znakarik-MacBook.local', ip: '172.20.10.13', os.name: 'Mac OS X', os.arch: 'x86_64', os.version: '10.14.5', java.version: '1.8.0_231'\nDriver info: org.openqa.selenium.chrome.ChromeDriver\nCapabilities [{mobileEmulationEnabled=false, timeouts={implicit=0, pageLoad=300000, script=30000}, hasTouchScreen=false, platform=MAC, acceptSslCerts=false, goog:chromeOptions={debuggerAddress=localhost:61430}, acceptInsecureCerts=false, webStorageEnabled=true, browserName=chrome, takesScreenshot=true, javascriptEnabled=true, setWindowRect=true, unexpectedAlertBehaviour=ignore, applicationCacheEnabled=false, rotatable=false, networkConnectionEnabled=false, chrome={chromedriverVersion=79.0.3945.36 (3582db32b33893869b8c1339e8f4d9ed1816f143-refs/branch-heads/3945@{#614}), userDataDir=/var/folders/7k/7kxzhkmd37s9vbtdl70k14lw0000gp/T/.com.google.Chrome.EOKROZ}, takesHeapSnapshot=true, pageLoadStrategy=normal, strictFileInteractability=false, databaseEnabled=false, handlesAlerts=true, version=80.0.3987.116, browserConnectionEnabled=false, proxy={}, nativeEvents=true, locationContextEnabled=true, cssSelectorsEnabled=true}]\nSession ID: a77f09fd3fbd019f4a87a99c558b9ec7","trace":"org.openqa.selenium.StaleElementReferenceException: stale element reference: element is not attached to the page document\n  (Session info: chrome=80.0.3987.116)\n  (Driver info: chromedriver=79.0.3945.36 (3582db32b33893869b8c1339e8f4d9ed1816f143-refs/branch-heads/3945@{#614}),platform=Mac OS X 10.14.5 x86_64) (WARNING: The server did not provide any stacktrace information)\nCommand duration or timeout: 419 milliseconds\nFor documentation on this error, please visit: http://seleniumhq.org/exceptions/stale_element_reference.html\nBuild info: version: '2.53.1', revision: 'a36b8b1cd5757287168e54b817830adce9b0158d', time: '2016-06-30 19:26:09'\nSystem info: host: 'Znakarik-MacBook.local', ip: '172.20.10.13', os.name: 'Mac OS X', os.arch: 'x86_64', os.version: '10.14.5', java.version: '1.8.0_231'\nDriver info: org.openqa.selenium.chrome.ChromeDriver\nCapabilities [{mobileEmulationEnabled=false, timeouts={implicit=0, pageLoad=300000, script=30000}, hasTouchScreen=false, platform=MAC, acceptSslCerts=false, goog:chromeOptions={debuggerAddress=localhost:61430}, acceptInsecureCerts=false, webStorageEnabled=true, browserName=chrome, takesScreenshot=true, javascriptEnabled=true, setWindowRect=true, unexpectedAlertBehaviour=ignore, applicationCacheEnabled=false, rotatable=false, networkConnectionEnabled=false, chrome={chromedriverVersion=79.0.3945.36 (3582db32b33893869b8c1339e8f4d9ed1816f143-refs/branch-heads/3945@{#614}), userDataDir=/var/folders/7k/7kxzhkmd37s9vbtdl70k14lw0000gp/T/.com.google.Chrome.EOKROZ}, takesHeapSnapshot=true, pageLoadStrategy=normal, strictFileInteractability=false, databaseEnabled=false, handlesAlerts=true, version=80.0.3987.116, browserConnectionEnabled=false, proxy={}, nativeEvents=true, locationContextEnabled=true, cssSelectorsEnabled=true}]\nSession ID: a77f09fd3fbd019f4a87a99c558b9ec7\n\tat sun.reflect.NativeConstructorAccessorImpl.newInstance0(Native Method)\n\tat sun.reflect.NativeConstructorAccessorImpl.newInstance(NativeConstructorAccessorImpl.java:62)\n\tat sun.reflect.DelegatingConstructorAccessorImpl.newInstance(DelegatingConstructorAccessorImpl.java:45)\n\tat java.lang.reflect.Constructor.newInstance(Constructor.java:423)\n\tat org.openqa.selenium.remote.ErrorHandler.createThrowable(ErrorHandler.java:206)\n\tat org.openqa.selenium.remote.ErrorHandler.throwIfResponseFailed(ErrorHandler.java:158)\n\tat org.openqa.selenium.remote.RemoteWebDriver.execute(RemoteWebDriver.java:678)\n\tat org.openqa.selenium.remote.RemoteWebDriver.executeScript(RemoteWebDriver.java:577)\n\tat ru.stqa.selenium.wrapper.HighlightingWrapper.removeClass(HighlightingWrapper.java:111)\n\tat ru.stqa.selenium.wrapper.HighlightingWrapper.highlight(HighlightingWrapper.java:86)\n\tat ru.stqa.selenium.wrapper.HighlightingWrapper.beforeMethodGlobal(HighlightingWrapper.java:62)\n\tat ru.stqa.selenium.wrapper.AbstractWrapper.beforeMethod(AbstractWrapper.java:161)\n\tat ru.stqa.selenium.wrapper.AbstractWrapper$1.invoke(AbstractWrapper.java:117)\n\tat com.sun.proxy.$Proxy19.getText(Unknown Source)\n\tat steps.ItemsPageSteps.addItemsToCard(ItemsPageSteps.java:60)\n\tat steps.CucumberSteps.addEightItems(CucumberSteps.java:52)\n\tat ✽.Из результатов поиска добавьте в корзину первые 8 нечетных  товаров.(./src/test/java/features/first.feature:10)\n"},"stage":"finished","steps":[{"name":"before","status":"passed","stage":"finished","steps":[],"attachments":[],"parameters":[],"start":1582186762871,"stop":1582186772092},{"name":"Когда  Перейдите на сервис http://www.ozon.ru/","status":"passed","stage":"finished","steps":[],"attachments":[],"parameters":[],"start":1582186772094,"stop":1582186772262},{"name":"Когда  Выполните поиск по \"iphone\"","status":"passed","stage":"finished","steps":[{"name":"Вводим к строке поиска \"iphone\"","status":"passed","stage":"finished","steps":[],"attachments":[],"parameters":[{"name":"input","value":"iphone"}],"start":1582186774366,"stop":1582186781804}],"attachments":[],"parameters":[],"start":1582186772264,"stop":1582186781806},{"name":"Когда  Ограничить цену до \"100000\"","status":"passed","stage":"finished","steps":[{"name":"Ограничиваем цену","status":"passed","stage":"finished","steps":[],"attachments":[],"parameters":[{"name":"limit","value":"100000"}],"start":1582186781809,"stop":1582186800485}],"attachments":[],"parameters":[],"start":1582186781808,"stop":1582186800486},{"name":"Когда  Отметить чекбокс – \"Высокий рейтинг\"","status":"passed","stage":"finished","steps":[{"name":"Выбираем приоритет выдачи поиска","status":"passed","stage":"finished","steps":[],"attachments":[],"parameters":[{"name":"priority","value":"Высокий рейтинг"}],"start":1582186800489,"stop":1582186806643}],"attachments":[],"parameters":[],"start":1582186800488,"stop":1582186806643},{"name":"Когда  Отметить чекбокс –  \"3 ГБ\"","status":"passed","stage":"finished","steps":[{"name":"Выбираем обьем в GB","status":"passed","stage":"finished","steps":[],"attachments":[],"parameters":[{"name":"amount","value":"3 ГБ"}],"start":1582186806646,"stop":1582186811034}],"attachments":[],"parameters":[],"start":1582186806645,"stop":1582186811039},{"name":"Когда  Из результатов поиска добавьте в корзину первые 8 нечетных  товаров.","status":"failed","stage":"finished","steps":[{"name":"Добавляем в корзину первые 8 нечетных  товаров","status":"broken","statusDetails":{"known":false,"muted":false,"flaky":false,"message":"stale element reference: element is not attached to the page document\n  (Session info: chrome=80.0.3987.116)\n  (Driver info: chromedriver=79.0.3945.36 (3582db32b33893869b8c1339e8f4d9ed1816f143-refs/branch-heads/3945@{#614}),platform=Mac OS X 10.14.5 x86_64) (WARNING: The server did not provide any stacktrace information)\nCommand duration or timeout: 419 milliseconds\nFor documentation on this error, please visit: http://seleniumhq.org/exceptions/stale_element_reference.html\nBuild info: version: '2.53.1', revision: 'a36b8b1cd5757287168e54b817830adce9b0158d', time: '2016-06-30 19:26:09'\nSystem info: host: 'Znakarik-MacBook.local', ip: '172.20.10.13', os.name: 'Mac OS X', os.arch: 'x86_64', os.version: '10.14.5', java.version: '1.8.0_231'\nDriver info: org.openqa.selenium.chrome.ChromeDriver\nCapabilities [{mobileEmulationEnabled=false, timeouts={implicit=0, pageLoad=300000, script=30000}, hasTouchScreen=false, platform=MAC, acceptSslCerts=false, goog:chromeOptions={debuggerAddress=localhost:61430}, acceptInsecureCerts=false, webStorageEnabled=true, browserName=chrome, takesScreenshot=true, javascriptEnabled=true, setWindowRect=true, unexpectedAlertBehaviour=ignore, applicationCacheEnabled=false, rotatable=false, networkConnectionEnabled=false, chrome={chromedriverVersion=79.0.3945.36 (3582db32b33893869b8c1339e8f4d9ed1816f143-refs/branch-heads/3945@{#614}), userDataDir=/var/folders/7k/7kxzhkmd37s9vbtdl70k14lw0000gp/T/.com.google.Chrome.EOKROZ}, takesHeapSnapshot=true, pageLoadStrategy=normal, strictFileInteractability=false, databaseEnabled=false, handlesAlerts=true, version=80.0.3987.116, browserConnectionEnabled=false, proxy={}, nativeEvents=true, locationContextEnabled=true, cssSelectorsEnabled=true}]\nSession ID: a77f09fd3fbd019f4a87a99c558b9ec7","trace":"org.openqa.selenium.StaleElementReferenceException: stale element reference: element is not attached to the page document\n  (Session info: chrome=80.0.3987.116)\n  (Driver info: chromedriver=79.0.3945.36 (3582db32b33893869b8c1339e8f4d9ed1816f143-refs/branch-heads/3945@{#614}),platform=Mac OS X 10.14.5 x86_64) (WARNING: The server did not provide any stacktrace information)\nCommand duration or timeout: 419 milliseconds\nFor documentation on this error, please visit: http://seleniumhq.org/exceptions/stale_element_reference.html\nBuild info: version: '2.53.1', revision: 'a36b8b1cd5757287168e54b817830adce9b0158d', time: '2016-06-30 19:26:09'\nSystem info: host: 'Znakarik-MacBook.local', ip: '172.20.10.13', os.name: 'Mac OS X', os.arch: 'x86_64', os.version: '10.14.5', java.version: '1.8.0_231'\nDriver info: org.openqa.selenium.chrome.ChromeDriver\nCapabilities [{mobileEmulationEnabled=false, timeouts={implicit=0, pageLoad=300000, script=30000}, hasTouchScreen=false, platform=MAC, acceptSslCerts=false, goog:chromeOptions={debuggerAddress=localhost:61430}, acceptInsecureCerts=false, webStorageEnabled=true, browserName=chrome, takesScreenshot=true, javascriptEnabled=true, setWindowRect=true, unexpectedAlertBehaviour=ignore, applicationCacheEnabled=false, rotatable=false, networkConnectionEnabled=false, chrome={chromedriverVersion=79.0.3945.36 (3582db32b33893869b8c1339e8f4d9ed1816f143-refs/branch-heads/3945@{#614}), userDataDir=/var/folders/7k/7kxzhkmd37s9vbtdl70k14lw0000gp/T/.com.google.Chrome.EOKROZ}, takesHeapSnapshot=true, pageLoadStrategy=normal, strictFileInteractability=false, databaseEnabled=false, handlesAlerts=true, version=80.0.3987.116, browserConnectionEnabled=false, proxy={}, nativeEvents=true, locationContextEnabled=true, cssSelectorsEnabled=true}]\nSession ID: a77f09fd3fbd019f4a87a99c558b9ec7\n\tat sun.reflect.NativeConstructorAccessorImpl.newInstance0(Native Method)\n\tat sun.reflect.NativeConstructorAccessorImpl.newInstance(NativeConstructorAccessorImpl.java:62)\n\tat sun.reflect.DelegatingConstructorAccessorImpl.newInstance(DelegatingConstructorAccessorImpl.java:45)\n\tat java.lang.reflect.Constructor.newInstance(Constructor.java:423)\n\tat org.openqa.selenium.remote.ErrorHandler.createThrowable(ErrorHandler.java:206)\n\tat org.openqa.selenium.remote.ErrorHandler.throwIfResponseFailed(ErrorHandler.java:158)\n\tat org.openqa.selenium.remote.RemoteWebDriver.execute(RemoteWebDriver.java:678)\n\tat org.openqa.selenium.remote.RemoteWebDriver.executeScript(RemoteWebDriver.java:577)\n\tat ru.stqa.selenium.wrapper.HighlightingWrapper.removeClass(HighlightingWrapper.java:111)\n\tat ru.stqa.selenium.wrapper.HighlightingWrapper.highlight(HighlightingWrapper.java:86)\n\tat ru.stqa.selenium.wrapper.HighlightingWrapper.beforeMethodGlobal(HighlightingWrapper.java:62)\n\tat ru.stqa.selenium.wrapper.AbstractWrapper.beforeMethod(AbstractWrapper.java:161)\n\tat ru.stqa.selenium.wrapper.AbstractWrapper$1.invoke(AbstractWrapper.java:117)\n\tat com.sun.proxy.$Proxy19.getText(Unknown Source)\n\tat steps.ItemsPageSteps.addItemsToCard(ItemsPageSteps.java:60)\n\tat steps.CucumberSteps.addEightItems(CucumberSteps.java:52)\n\tat sun.reflect.NativeMethodAccessorImpl.invoke0(Native Method)\n\tat sun.reflect.NativeMethodAccessorImpl.invoke(NativeMethodAccessorImpl.java:62)\n\tat sun.reflect.DelegatingMethodAccessorImpl.invoke(DelegatingMethodAccessorImpl.java:43)\n\tat java.lang.reflect.Method.invoke(Method.java:498)\n\tat cucumber.runtime.Utils$1.call(Utils.java:26)\n\tat cucumber.runtime.Timeout.timeout(Timeout.java:16)\n\tat cucumber.runtime.Utils.invoke(Utils.java:20)\n\tat cucumber.runtime.java.JavaStepDefinition.execute(JavaStepDefinition.java:48)\n\tat cucumber.runtime.PickleStepDefinitionMatch.runStep(PickleStepDefinitionMatch.java:50)\n\tat cucumber.runner.TestStep.executeStep(TestStep.java:55)\n\tat cucumber.runner.TestStep.run(TestStep.java:42)\n\tat cucumber.runner.PickleStepTestStep.run(PickleStepTestStep.java:53)\n\tat cucumber.runner.TestCase.run(TestCase.java:47)\n\tat cucumber.runner.Runner.runPickle(Runner.java:44)\n\tat cucumber.runtime.junit.PickleRunners$NoStepDescriptions.run(PickleRunners.java:140)\n\tat cucumber.runtime.junit.FeatureRunner.runChild(FeatureRunner.java:68)\n\tat cucumber.runtime.junit.FeatureRunner.runChild(FeatureRunner.java:23)\n\tat org.junit.runners.ParentRunner$3.run(ParentRunner.java:290)\n\tat org.junit.runners.ParentRunner$1.schedule(ParentRunner.java:71)\n\tat org.junit.runners.ParentRunner.runChildren(ParentRunner.java:288)\n\tat org.junit.runners.ParentRunner.access$000(ParentRunner.java:58)\n\tat org.junit.runners.ParentRunner$2.evaluate(ParentRunner.java:268)\n\tat org.junit.runners.ParentRunner.run(ParentRunner.java:363)\n\tat cucumber.runtime.junit.FeatureRunner.run(FeatureRunner.java:73)\n\tat cucumber.api.junit.Cucumber.runChild(Cucumber.java:98)\n\tat cucumber.api.junit.Cucumber.runChild(Cucumber.java:55)\n\tat org.junit.runners.ParentRunner$3.run(ParentRunner.java:290)\n\tat org.junit.runners.ParentRunner$1.schedule(ParentRunner.java:71)\n\tat org.junit.runners.ParentRunner.runChildren(ParentRunner.java:288)\n\tat org.junit.runners.ParentRunner.access$000(ParentRunner.java:58)\n\tat org.junit.runners.ParentRunner$2.evaluate(ParentRunner.java:268)\n\tat cucumber.api.junit.Cucumber$1.evaluate(Cucumber.java:107)\n\tat org.junit.runners.ParentRunner.run(ParentRunner.java:363)\n\tat org.junit.runner.JUnitCore.run(JUnitCore.java:137)\n\tat com.intellij.junit4.JUnit4IdeaTestRunner.startRunnerWithArgs(JUnit4IdeaTestRunner.java:68)\n\tat com.intellij.rt.junit.IdeaTestRunner$Repeater.startRunnerWithArgs(IdeaTestRunner.java:33)\n\tat com.intellij.rt.junit.JUnitStarter.prepareStreamsAndStart(JUnitStarter.java:230)\n\tat com.intellij.rt.junit.JUnitStarter.main(JUnitStarter.java:58)\n"},"stage":"finished","steps":[],"attachments":[],"parameters":[],"start":1582186811042,"stop":1582186813673}],"attachments":[],"parameters":[],"start":1582186811041,"stop":1582186813677},{"name":"Когда  Запомнить название товаров","status":"skipped","stage":"finished","steps":[],"attachments":[],"parameters":[],"start":1582186813681,"stop":1582186813682},{"name":"Когда  Перейдите в корзину, убедитесь, что все добавленные ранее товары находятся в корзине","status":"skipped","stage":"finished","steps":[],"attachments":[],"parameters":[],"start":1582186813684,"stop":1582186813685},{"name":"Когда  Проверить, что отображается текст \"Ваша корзина - 8 товаров\"","status":"skipped","stage":"finished","steps":[],"attachments":[],"parameters":[],"start":1582186813686,"stop":1582186813686},{"name":"Когда  Удалите все товары из корзины","status":"skipped","stage":"finished","steps":[],"attachments":[],"parameters":[],"start":1582186813687,"stop":1582186813688},{"name":"after","status":"passed","stage":"finished","steps":[],"attachments":[],"parameters":[],"start":1582186813689,"stop":1582186814079}],"attachments":[],"parameters":[],"start":1582186762853,"stop":1582186814085,"uuid":"86763dc6-1a54-479a-aa35-5163e225e25b","historyId":"6e374802bf25d4bbc9bf79c020020c22","labels":[{"name":"feature","value":"Первый тест"},{"name":"story","value":""},{"name":"host","value":"Znakarik-MacBook.local"},{"name":"package","value":"Первый тест"},{"name":"suite","value":"Первый тест"},{"name":"testClass","value":""},{"name":"thread","value":"45028@Znakarik-MacBook.local.main(1)"}],"links":[]}