{"name":"Первый тест","status":"failed","statusDetails":{"known":false,"muted":false,"flaky":false,"message":"element click intercepted: Element <span data-v-41940272=\"\" class=\"a3f5 \">...</span> is not clickable at point (320, 9). Other element would receive the click: <span data-v-41940272=\"\" class=\"a3j1\">...</span>\n  (Session info: chrome=80.0.3987.122)\n  (Driver info: chromedriver=79.0.3945.36 (3582db32b33893869b8c1339e8f4d9ed1816f143-refs/branch-heads/3945@{#614}),platform=Mac OS X 10.14.5 x86_64) (WARNING: The server did not provide any stacktrace information)\nCommand duration or timeout: 1.26 seconds\nBuild info: version: '2.53.1', revision: 'a36b8b1cd5757287168e54b817830adce9b0158d', time: '2016-06-30 19:26:09'\nSystem info: host: 'Znakarik-MacBook.local', ip: '10.5.186.193', os.name: 'Mac OS X', os.arch: 'x86_64', os.version: '10.14.5', java.version: '1.8.0_231'\nDriver info: org.openqa.selenium.chrome.ChromeDriver\nCapabilities [{mobileEmulationEnabled=false, timeouts={implicit=0, pageLoad=300000, script=30000}, hasTouchScreen=false, platform=MAC, acceptSslCerts=false, goog:chromeOptions={debuggerAddress=localhost:51274}, acceptInsecureCerts=false, webStorageEnabled=true, browserName=chrome, takesScreenshot=true, javascriptEnabled=true, setWindowRect=true, unexpectedAlertBehaviour=ignore, applicationCacheEnabled=false, rotatable=false, networkConnectionEnabled=false, chrome={chromedriverVersion=79.0.3945.36 (3582db32b33893869b8c1339e8f4d9ed1816f143-refs/branch-heads/3945@{#614}), userDataDir=/var/folders/7k/7kxzhkmd37s9vbtdl70k14lw0000gp/T/.com.google.Chrome.edIkb4}, takesHeapSnapshot=true, pageLoadStrategy=normal, strictFileInteractability=false, databaseEnabled=false, handlesAlerts=true, version=80.0.3987.122, browserConnectionEnabled=false, proxy={}, nativeEvents=true, locationContextEnabled=true, cssSelectorsEnabled=true}]\nSession ID: e808dcf99568b0f9007597f52a0bc1f8","trace":"org.openqa.selenium.WebDriverException: element click intercepted: Element <span data-v-41940272=\"\" class=\"a3f5 \">...</span> is not clickable at point (320, 9). Other element would receive the click: <span data-v-41940272=\"\" class=\"a3j1\">...</span>\n  (Session info: chrome=80.0.3987.122)\n  (Driver info: chromedriver=79.0.3945.36 (3582db32b33893869b8c1339e8f4d9ed1816f143-refs/branch-heads/3945@{#614}),platform=Mac OS X 10.14.5 x86_64) (WARNING: The server did not provide any stacktrace information)\nCommand duration or timeout: 1.26 seconds\nBuild info: version: '2.53.1', revision: 'a36b8b1cd5757287168e54b817830adce9b0158d', time: '2016-06-30 19:26:09'\nSystem info: host: 'Znakarik-MacBook.local', ip: '10.5.186.193', os.name: 'Mac OS X', os.arch: 'x86_64', os.version: '10.14.5', java.version: '1.8.0_231'\nDriver info: org.openqa.selenium.chrome.ChromeDriver\nCapabilities [{mobileEmulationEnabled=false, timeouts={implicit=0, pageLoad=300000, script=30000}, hasTouchScreen=false, platform=MAC, acceptSslCerts=false, goog:chromeOptions={debuggerAddress=localhost:51274}, acceptInsecureCerts=false, webStorageEnabled=true, browserName=chrome, takesScreenshot=true, javascriptEnabled=true, setWindowRect=true, unexpectedAlertBehaviour=ignore, applicationCacheEnabled=false, rotatable=false, networkConnectionEnabled=false, chrome={chromedriverVersion=79.0.3945.36 (3582db32b33893869b8c1339e8f4d9ed1816f143-refs/branch-heads/3945@{#614}), userDataDir=/var/folders/7k/7kxzhkmd37s9vbtdl70k14lw0000gp/T/.com.google.Chrome.edIkb4}, takesHeapSnapshot=true, pageLoadStrategy=normal, strictFileInteractability=false, databaseEnabled=false, handlesAlerts=true, version=80.0.3987.122, browserConnectionEnabled=false, proxy={}, nativeEvents=true, locationContextEnabled=true, cssSelectorsEnabled=true}]\nSession ID: e808dcf99568b0f9007597f52a0bc1f8\n\tat sun.reflect.NativeConstructorAccessorImpl.newInstance0(Native Method)\n\tat sun.reflect.NativeConstructorAccessorImpl.newInstance(NativeConstructorAccessorImpl.java:62)\n\tat sun.reflect.DelegatingConstructorAccessorImpl.newInstance(DelegatingConstructorAccessorImpl.java:45)\n\tat java.lang.reflect.Constructor.newInstance(Constructor.java:423)\n\tat org.openqa.selenium.remote.ErrorHandler.createThrowable(ErrorHandler.java:206)\n\tat org.openqa.selenium.remote.ErrorHandler.throwIfResponseFailed(ErrorHandler.java:158)\n\tat org.openqa.selenium.remote.RemoteWebDriver.execute(RemoteWebDriver.java:678)\n\tat org.openqa.selenium.remote.RemoteWebElement.execute(RemoteWebElement.java:327)\n\tat org.openqa.selenium.remote.RemoteWebElement.click(RemoteWebElement.java:85)\n\tat ru.stqa.selenium.wrapper.WebDriverWrapper$WebElementWrapper.click(WebDriverWrapper.java:319)\n\tat sun.reflect.GeneratedMethodAccessor3.invoke(Unknown Source)\n\tat sun.reflect.DelegatingMethodAccessorImpl.invoke(DelegatingMethodAccessorImpl.java:43)\n\tat java.lang.reflect.Method.invoke(Method.java:498)\n\tat ru.stqa.selenium.wrapper.WebDriverWrapper.callMethodGlobal(WebDriverWrapper.java:163)\n\tat ru.stqa.selenium.wrapper.AbstractWrapper.callMethod(AbstractWrapper.java:165)\n\tat ru.stqa.selenium.wrapper.AbstractWrapper$1.invoke(AbstractWrapper.java:119)\n\tat com.sun.proxy.$Proxy20.click(Unknown Source)\n\tat steps.BasketPageSteps.deleteAll(BasketPageSteps.java:36)\n\tat steps.CucumberSteps.deleteAllItems(CucumberSteps.java:84)\n\tat ✽.Удалите все товары из корзины(./src/test/java/features/first.feature:16)\n"},"stage":"finished","steps":[{"name":"before","status":"passed","stage":"finished","steps":[],"attachments":[],"parameters":[],"start":1582743243171,"stop":1582743250744},{"name":"Когда  Перейдите на сервис \"http://www.ozon.ru/\"","status":"passed","stage":"finished","steps":[{"name":"Переходим по адресу \"(.+)\"$","status":"passed","stage":"finished","steps":[],"attachments":[],"parameters":[{"name":"address","value":"http://www.ozon.ru/"}],"start":1582743250935,"stop":1582743256519}],"attachments":[],"parameters":[],"start":1582743250747,"stop":1582743256526},{"name":"Когда  Выполните поиск по \"iphone\"","status":"passed","stage":"finished","steps":[{"name":"Вводим к строке поиска \"(.+)\"$","status":"passed","stage":"finished","steps":[],"attachments":[],"parameters":[{"name":"input","value":"iphone"}],"start":1582743256536,"stop":1582743268472}],"attachments":[],"parameters":[],"start":1582743256534,"stop":1582743268473},{"name":"Когда  Ограничить цену до \"100000\"","status":"passed","stage":"finished","steps":[{"name":"Ограничиваем цену \"(.+)\"$","status":"passed","stage":"finished","steps":[],"attachments":[],"parameters":[{"name":"limit","value":"100000"}],"start":1582743268476,"stop":1582743287442}],"attachments":[],"parameters":[],"start":1582743268475,"stop":1582743287443},{"name":"Когда  Отметить чекбокс – \"Высокий рейтинг\"","status":"passed","stage":"finished","steps":[{"name":"Выбираем приоритет выдачи поиска","status":"passed","stage":"finished","steps":[],"attachments":[],"parameters":[{"name":"priority","value":"Высокий рейтинг"}],"start":1582743287444,"stop":1582743293409}],"attachments":[],"parameters":[],"start":1582743287444,"stop":1582743293410},{"name":"Когда  Отметить чекбокс –  \"3 ГБ\"","status":"passed","stage":"finished","steps":[{"name":"Выбираем обьем в GB","status":"passed","stage":"finished","steps":[],"attachments":[],"parameters":[{"name":"amount","value":"3 ГБ"}],"start":1582743293412,"stop":1582743298121}],"attachments":[],"parameters":[],"start":1582743293411,"stop":1582743298121},{"name":"Когда  Из результатов поиска добавьте в корзину первые 8 нечетных  товаров","status":"passed","stage":"finished","steps":[{"name":"Добавляем в корзину первые 8 нечетных  товаров","status":"passed","stage":"finished","steps":[],"attachments":[],"parameters":[],"start":1582743298123,"stop":1582743374415}],"attachments":[],"parameters":[],"start":1582743298122,"stop":1582743374417},{"name":"Когда  Запомнить название товаров","status":"passed","stage":"finished","steps":[{"name":"Запомнили названия в предидущем шаге","status":"passed","stage":"finished","steps":[],"attachments":[],"parameters":[],"start":1582743374418,"stop":1582743374418}],"attachments":[],"parameters":[],"start":1582743374417,"stop":1582743374418},{"name":"Когда  Перейдите в корзину, убедитесь, что все добавленные ранее товары находятся в корзине","status":"passed","stage":"finished","steps":[{"name":"Нажимаем на кнопку корзины","status":"passed","stage":"finished","steps":[],"attachments":[],"parameters":[],"start":1582743374419,"stop":1582743380763},{"name":"Проверяем есть ли на странице все ранее добавленные товары","status":"passed","stage":"finished","steps":[],"attachments":[],"parameters":[],"start":1582743380764,"stop":1582743397511}],"attachments":[],"parameters":[],"start":1582743374419,"stop":1582743397512},{"name":"Когда  Проверить, что отображается текст \"Ваша корзина - 8 товаров\"","status":"passed","stage":"finished","steps":[{"name":"Проверяем наличие текста на странице","status":"passed","stage":"finished","steps":[],"attachments":[],"parameters":[{"name":"text","value":"Ваша корзина - 8 товаров"}],"start":1582743397513,"stop":1582743401742}],"attachments":[],"parameters":[],"start":1582743397513,"stop":1582743401743},{"name":"Когда  Удалите все товары из корзины","status":"failed","stage":"finished","steps":[{"name":"Удаляем все товары из корзины","status":"broken","statusDetails":{"known":false,"muted":false,"flaky":false,"message":"element click intercepted: Element <span data-v-41940272=\"\" class=\"a3f5 \">...</span> is not clickable at point (320, 9). Other element would receive the click: <span data-v-41940272=\"\" class=\"a3j1\">...</span>\n  (Session info: chrome=80.0.3987.122)\n  (Driver info: chromedriver=79.0.3945.36 (3582db32b33893869b8c1339e8f4d9ed1816f143-refs/branch-heads/3945@{#614}),platform=Mac OS X 10.14.5 x86_64) (WARNING: The server did not provide any stacktrace information)\nCommand duration or timeout: 1.26 seconds\nBuild info: version: '2.53.1', revision: 'a36b8b1cd5757287168e54b817830adce9b0158d', time: '2016-06-30 19:26:09'\nSystem info: host: 'Znakarik-MacBook.local', ip: '10.5.186.193', os.name: 'Mac OS X', os.arch: 'x86_64', os.version: '10.14.5', java.version: '1.8.0_231'\nDriver info: org.openqa.selenium.chrome.ChromeDriver\nCapabilities [{mobileEmulationEnabled=false, timeouts={implicit=0, pageLoad=300000, script=30000}, hasTouchScreen=false, platform=MAC, acceptSslCerts=false, goog:chromeOptions={debuggerAddress=localhost:51274}, acceptInsecureCerts=false, webStorageEnabled=true, browserName=chrome, takesScreenshot=true, javascriptEnabled=true, setWindowRect=true, unexpectedAlertBehaviour=ignore, applicationCacheEnabled=false, rotatable=false, networkConnectionEnabled=false, chrome={chromedriverVersion=79.0.3945.36 (3582db32b33893869b8c1339e8f4d9ed1816f143-refs/branch-heads/3945@{#614}), userDataDir=/var/folders/7k/7kxzhkmd37s9vbtdl70k14lw0000gp/T/.com.google.Chrome.edIkb4}, takesHeapSnapshot=true, pageLoadStrategy=normal, strictFileInteractability=false, databaseEnabled=false, handlesAlerts=true, version=80.0.3987.122, browserConnectionEnabled=false, proxy={}, nativeEvents=true, locationContextEnabled=true, cssSelectorsEnabled=true}]\nSession ID: e808dcf99568b0f9007597f52a0bc1f8","trace":"org.openqa.selenium.WebDriverException: element click intercepted: Element <span data-v-41940272=\"\" class=\"a3f5 \">...</span> is not clickable at point (320, 9). Other element would receive the click: <span data-v-41940272=\"\" class=\"a3j1\">...</span>\n  (Session info: chrome=80.0.3987.122)\n  (Driver info: chromedriver=79.0.3945.36 (3582db32b33893869b8c1339e8f4d9ed1816f143-refs/branch-heads/3945@{#614}),platform=Mac OS X 10.14.5 x86_64) (WARNING: The server did not provide any stacktrace information)\nCommand duration or timeout: 1.26 seconds\nBuild info: version: '2.53.1', revision: 'a36b8b1cd5757287168e54b817830adce9b0158d', time: '2016-06-30 19:26:09'\nSystem info: host: 'Znakarik-MacBook.local', ip: '10.5.186.193', os.name: 'Mac OS X', os.arch: 'x86_64', os.version: '10.14.5', java.version: '1.8.0_231'\nDriver info: org.openqa.selenium.chrome.ChromeDriver\nCapabilities [{mobileEmulationEnabled=false, timeouts={implicit=0, pageLoad=300000, script=30000}, hasTouchScreen=false, platform=MAC, acceptSslCerts=false, goog:chromeOptions={debuggerAddress=localhost:51274}, acceptInsecureCerts=false, webStorageEnabled=true, browserName=chrome, takesScreenshot=true, javascriptEnabled=true, setWindowRect=true, unexpectedAlertBehaviour=ignore, applicationCacheEnabled=false, rotatable=false, networkConnectionEnabled=false, chrome={chromedriverVersion=79.0.3945.36 (3582db32b33893869b8c1339e8f4d9ed1816f143-refs/branch-heads/3945@{#614}), userDataDir=/var/folders/7k/7kxzhkmd37s9vbtdl70k14lw0000gp/T/.com.google.Chrome.edIkb4}, takesHeapSnapshot=true, pageLoadStrategy=normal, strictFileInteractability=false, databaseEnabled=false, handlesAlerts=true, version=80.0.3987.122, browserConnectionEnabled=false, proxy={}, nativeEvents=true, locationContextEnabled=true, cssSelectorsEnabled=true}]\nSession ID: e808dcf99568b0f9007597f52a0bc1f8\n\tat sun.reflect.NativeConstructorAccessorImpl.newInstance0(Native Method)\n\tat sun.reflect.NativeConstructorAccessorImpl.newInstance(NativeConstructorAccessorImpl.java:62)\n\tat sun.reflect.DelegatingConstructorAccessorImpl.newInstance(DelegatingConstructorAccessorImpl.java:45)\n\tat java.lang.reflect.Constructor.newInstance(Constructor.java:423)\n\tat org.openqa.selenium.remote.ErrorHandler.createThrowable(ErrorHandler.java:206)\n\tat org.openqa.selenium.remote.ErrorHandler.throwIfResponseFailed(ErrorHandler.java:158)\n\tat org.openqa.selenium.remote.RemoteWebDriver.execute(RemoteWebDriver.java:678)\n\tat org.openqa.selenium.remote.RemoteWebElement.execute(RemoteWebElement.java:327)\n\tat org.openqa.selenium.remote.RemoteWebElement.click(RemoteWebElement.java:85)\n\tat ru.stqa.selenium.wrapper.WebDriverWrapper$WebElementWrapper.click(WebDriverWrapper.java:319)\n\tat sun.reflect.GeneratedMethodAccessor3.invoke(Unknown Source)\n\tat sun.reflect.DelegatingMethodAccessorImpl.invoke(DelegatingMethodAccessorImpl.java:43)\n\tat java.lang.reflect.Method.invoke(Method.java:498)\n\tat ru.stqa.selenium.wrapper.WebDriverWrapper.callMethodGlobal(WebDriverWrapper.java:163)\n\tat ru.stqa.selenium.wrapper.AbstractWrapper.callMethod(AbstractWrapper.java:165)\n\tat ru.stqa.selenium.wrapper.AbstractWrapper$1.invoke(AbstractWrapper.java:119)\n\tat com.sun.proxy.$Proxy20.click(Unknown Source)\n\tat steps.BasketPageSteps.deleteAll(BasketPageSteps.java:36)\n\tat steps.CucumberSteps.deleteAllItems(CucumberSteps.java:84)\n\tat sun.reflect.NativeMethodAccessorImpl.invoke0(Native Method)\n\tat sun.reflect.NativeMethodAccessorImpl.invoke(NativeMethodAccessorImpl.java:62)\n\tat sun.reflect.DelegatingMethodAccessorImpl.invoke(DelegatingMethodAccessorImpl.java:43)\n\tat java.lang.reflect.Method.invoke(Method.java:498)\n\tat cucumber.runtime.Utils$1.call(Utils.java:26)\n\tat cucumber.runtime.Timeout.timeout(Timeout.java:16)\n\tat cucumber.runtime.Utils.invoke(Utils.java:20)\n\tat cucumber.runtime.java.JavaStepDefinition.execute(JavaStepDefinition.java:48)\n\tat cucumber.runtime.PickleStepDefinitionMatch.runStep(PickleStepDefinitionMatch.java:50)\n\tat cucumber.runner.TestStep.executeStep(TestStep.java:55)\n\tat cucumber.runner.TestStep.run(TestStep.java:42)\n\tat cucumber.runner.PickleStepTestStep.run(PickleStepTestStep.java:53)\n\tat cucumber.runner.TestCase.run(TestCase.java:47)\n\tat cucumber.runner.Runner.runPickle(Runner.java:44)\n\tat cucumber.runtime.junit.PickleRunners$NoStepDescriptions.run(PickleRunners.java:140)\n\tat cucumber.runtime.junit.FeatureRunner.runChild(FeatureRunner.java:68)\n\tat cucumber.runtime.junit.FeatureRunner.runChild(FeatureRunner.java:23)\n\tat org.junit.runners.ParentRunner$3.run(ParentRunner.java:290)\n\tat org.junit.runners.ParentRunner$1.schedule(ParentRunner.java:71)\n\tat org.junit.runners.ParentRunner.runChildren(ParentRunner.java:288)\n\tat org.junit.runners.ParentRunner.access$000(ParentRunner.java:58)\n\tat org.junit.runners.ParentRunner$2.evaluate(ParentRunner.java:268)\n\tat org.junit.runners.ParentRunner.run(ParentRunner.java:363)\n\tat cucumber.runtime.junit.FeatureRunner.run(FeatureRunner.java:73)\n\tat cucumber.api.junit.Cucumber.runChild(Cucumber.java:98)\n\tat cucumber.api.junit.Cucumber.runChild(Cucumber.java:55)\n\tat org.junit.runners.ParentRunner$3.run(ParentRunner.java:290)\n\tat org.junit.runners.ParentRunner$1.schedule(ParentRunner.java:71)\n\tat org.junit.runners.ParentRunner.runChildren(ParentRunner.java:288)\n\tat org.junit.runners.ParentRunner.access$000(ParentRunner.java:58)\n\tat org.junit.runners.ParentRunner$2.evaluate(ParentRunner.java:268)\n\tat cucumber.api.junit.Cucumber$1.evaluate(Cucumber.java:107)\n\tat org.junit.runners.ParentRunner.run(ParentRunner.java:363)\n\tat org.junit.runners.Suite.runChild(Suite.java:128)\n\tat org.junit.runners.Suite.runChild(Suite.java:27)\n\tat org.junit.runners.ParentRunner$3.run(ParentRunner.java:290)\n\tat org.junit.runners.ParentRunner$1.schedule(ParentRunner.java:71)\n\tat org.junit.runners.ParentRunner.runChildren(ParentRunner.java:288)\n\tat org.junit.runners.ParentRunner.access$000(ParentRunner.java:58)\n\tat org.junit.runners.ParentRunner$2.evaluate(ParentRunner.java:268)\n\tat org.junit.runners.ParentRunner.run(ParentRunner.java:363)\n\tat org.junit.runner.JUnitCore.run(JUnitCore.java:137)\n\tat com.intellij.junit4.JUnit4IdeaTestRunner.startRunnerWithArgs(JUnit4IdeaTestRunner.java:68)\n\tat com.intellij.rt.junit.IdeaTestRunner$Repeater.startRunnerWithArgs(IdeaTestRunner.java:33)\n\tat com.intellij.rt.junit.JUnitStarter.prepareStreamsAndStart(JUnitStarter.java:230)\n\tat com.intellij.rt.junit.JUnitStarter.main(JUnitStarter.java:58)\n"},"stage":"finished","steps":[],"attachments":[],"parameters":[],"start":1582743401744,"stop":1582743418992}],"attachments":[],"parameters":[],"start":1582743401744,"stop":1582743418994},{"name":"Тогда  Проверьте, что корзина не содержит никаких товаров","status":"skipped","stage":"finished","steps":[],"attachments":[],"parameters":[],"start":1582743418995,"stop":1582743418995},{"name":"Тогда  Приложить файл с информацией о всех добавленных товарах, указать товар с наибольшей ценой","status":"skipped","stage":"finished","steps":[],"attachments":[],"parameters":[],"start":1582743418996,"stop":1582743418996},{"name":"after","status":"passed","stage":"finished","steps":[],"attachments":[],"parameters":[],"start":1582743418997,"stop":1582743418997}],"attachments":[],"parameters":[],"start":1582743243154,"stop":1582743419001,"uuid":"adb074dd-8987-4100-b3b4-b235ea9ef55f","historyId":"66686adf77a070916f642f122431d554","labels":[{"name":"feature","value":"Добавление и удаление iPhone"},{"name":"story","value":"Первый тест"},{"name":"tag","value":"First"},{"name":"host","value":"Znakarik-MacBook.local"},{"name":"package","value":"Добавление и удаление iPhone"},{"name":"suite","value":"Добавление и удаление iPhone"},{"name":"testClass","value":"Первый тест"},{"name":"thread","value":"82732@Znakarik-MacBook.local.main(1)"}],"links":[]}