{"name":"","status":"failed","statusDetails":{"known":false,"muted":false,"flaky":false,"message":"no such element: Unable to locate element: {\"method\":\"xpath\",\"selector\":\"(//span[contains(text(),'Удалить') and @class='b4y1'])[1]\"}\n  (Session info: chrome=80.0.3987.116)\n  (Driver info: chromedriver=79.0.3945.36 (3582db32b33893869b8c1339e8f4d9ed1816f143-refs/branch-heads/3945@{#614}),platform=Mac OS X 10.14.5 x86_64) (WARNING: The server did not provide any stacktrace information)\nCommand duration or timeout: 20.06 seconds\nFor documentation on this error, please visit: http://seleniumhq.org/exceptions/no_such_element.html\nBuild info: version: '2.53.1', revision: 'a36b8b1cd5757287168e54b817830adce9b0158d', time: '2016-06-30 19:26:09'\nSystem info: host: 'Znakarik-MacBook.local', ip: '10.5.187.216', os.name: 'Mac OS X', os.arch: 'x86_64', os.version: '10.14.5', java.version: '1.8.0_231'\nDriver info: org.openqa.selenium.chrome.ChromeDriver\nCapabilities [{mobileEmulationEnabled=false, timeouts={implicit=0, pageLoad=300000, script=30000}, hasTouchScreen=false, platform=MAC, acceptSslCerts=false, goog:chromeOptions={debuggerAddress=localhost:53238}, acceptInsecureCerts=false, webStorageEnabled=true, browserName=chrome, takesScreenshot=true, javascriptEnabled=true, setWindowRect=true, unexpectedAlertBehaviour=ignore, applicationCacheEnabled=false, rotatable=false, networkConnectionEnabled=false, chrome={chromedriverVersion=79.0.3945.36 (3582db32b33893869b8c1339e8f4d9ed1816f143-refs/branch-heads/3945@{#614}), userDataDir=/var/folders/7k/7kxzhkmd37s9vbtdl70k14lw0000gp/T/.com.google.Chrome.bCElLg}, takesHeapSnapshot=true, pageLoadStrategy=normal, strictFileInteractability=false, databaseEnabled=false, handlesAlerts=true, version=80.0.3987.116, browserConnectionEnabled=false, proxy={}, nativeEvents=true, locationContextEnabled=true, cssSelectorsEnabled=true}]\nSession ID: 948d78c95e8c3f507a37fca01b9b9845\n*** Element info: {Using=xpath, value=(//span[contains(text(),'Удалить') and @class='b4y1'])[1]}","trace":"org.openqa.selenium.NoSuchElementException: no such element: Unable to locate element: {\"method\":\"xpath\",\"selector\":\"(//span[contains(text(),'Удалить') and @class='b4y1'])[1]\"}\n  (Session info: chrome=80.0.3987.116)\n  (Driver info: chromedriver=79.0.3945.36 (3582db32b33893869b8c1339e8f4d9ed1816f143-refs/branch-heads/3945@{#614}),platform=Mac OS X 10.14.5 x86_64) (WARNING: The server did not provide any stacktrace information)\nCommand duration or timeout: 20.06 seconds\nFor documentation on this error, please visit: http://seleniumhq.org/exceptions/no_such_element.html\nBuild info: version: '2.53.1', revision: 'a36b8b1cd5757287168e54b817830adce9b0158d', time: '2016-06-30 19:26:09'\nSystem info: host: 'Znakarik-MacBook.local', ip: '10.5.187.216', os.name: 'Mac OS X', os.arch: 'x86_64', os.version: '10.14.5', java.version: '1.8.0_231'\nDriver info: org.openqa.selenium.chrome.ChromeDriver\nCapabilities [{mobileEmulationEnabled=false, timeouts={implicit=0, pageLoad=300000, script=30000}, hasTouchScreen=false, platform=MAC, acceptSslCerts=false, goog:chromeOptions={debuggerAddress=localhost:53238}, acceptInsecureCerts=false, webStorageEnabled=true, browserName=chrome, takesScreenshot=true, javascriptEnabled=true, setWindowRect=true, unexpectedAlertBehaviour=ignore, applicationCacheEnabled=false, rotatable=false, networkConnectionEnabled=false, chrome={chromedriverVersion=79.0.3945.36 (3582db32b33893869b8c1339e8f4d9ed1816f143-refs/branch-heads/3945@{#614}), userDataDir=/var/folders/7k/7kxzhkmd37s9vbtdl70k14lw0000gp/T/.com.google.Chrome.bCElLg}, takesHeapSnapshot=true, pageLoadStrategy=normal, strictFileInteractability=false, databaseEnabled=false, handlesAlerts=true, version=80.0.3987.116, browserConnectionEnabled=false, proxy={}, nativeEvents=true, locationContextEnabled=true, cssSelectorsEnabled=true}]\nSession ID: 948d78c95e8c3f507a37fca01b9b9845\n*** Element info: {Using=xpath, value=(//span[contains(text(),'Удалить') and @class='b4y1'])[1]}\n\tat sun.reflect.NativeConstructorAccessorImpl.newInstance0(Native Method)\n\tat sun.reflect.NativeConstructorAccessorImpl.newInstance(NativeConstructorAccessorImpl.java:62)\n\tat sun.reflect.DelegatingConstructorAccessorImpl.newInstance(DelegatingConstructorAccessorImpl.java:45)\n\tat java.lang.reflect.Constructor.newInstance(Constructor.java:423)\n\tat org.openqa.selenium.remote.ErrorHandler.createThrowable(ErrorHandler.java:206)\n\tat org.openqa.selenium.remote.ErrorHandler.throwIfResponseFailed(ErrorHandler.java:158)\n\tat org.openqa.selenium.remote.RemoteWebDriver.execute(RemoteWebDriver.java:678)\n\tat org.openqa.selenium.remote.RemoteWebDriver.findElement(RemoteWebDriver.java:363)\n\tat org.openqa.selenium.remote.RemoteWebDriver.findElementByXPath(RemoteWebDriver.java:500)\n\tat org.openqa.selenium.By$ByXPath.findElement(By.java:361)\n\tat org.openqa.selenium.remote.RemoteWebDriver.findElement(RemoteWebDriver.java:355)\n\tat ru.stqa.selenium.wrapper.WebDriverWrapper.findElement(WebDriverWrapper.java:195)\n\tat steps.BasketPageSteps.deleteAll(BasketPageSteps.java:29)\n\tat steps.CucumberSteps.deleteAllItems(CucumberSteps.java:77)\n\tat ✽.Удалите все товары из корзины(./src/test/java/features/first.feature:14)\n"},"stage":"finished","steps":[{"name":"before","status":"passed","stage":"finished","steps":[],"attachments":[],"parameters":[],"start":1582210565363,"stop":1582210573548},{"name":"Когда  Перейдите на сервис http://www.ozon.ru/","status":"passed","stage":"finished","steps":[],"attachments":[],"parameters":[],"start":1582210573566,"stop":1582210573883},{"name":"Когда  Выполните поиск по \"iphone\"","status":"passed","stage":"finished","steps":[{"name":"Вводим к строке поиска \"iphone\"","status":"passed","stage":"finished","steps":[],"attachments":[],"parameters":[{"name":"input","value":"iphone"}],"start":1582210574046,"stop":1582210582893}],"attachments":[],"parameters":[],"start":1582210573889,"stop":1582210582894},{"name":"Когда  Ограничить цену до \"100000\"","status":"passed","stage":"finished","steps":[{"name":"Ограничиваем цену","status":"passed","stage":"finished","steps":[],"attachments":[],"parameters":[{"name":"limit","value":"100000"}],"start":1582210582897,"stop":1582210599709}],"attachments":[],"parameters":[],"start":1582210582896,"stop":1582210599710},{"name":"Когда  Отметить чекбокс – \"Высокий рейтинг\"","status":"passed","stage":"finished","steps":[{"name":"Выбираем приоритет выдачи поиска","status":"passed","stage":"finished","steps":[],"attachments":[],"parameters":[{"name":"priority","value":"Высокий рейтинг"}],"start":1582210599712,"stop":1582210606107}],"attachments":[],"parameters":[],"start":1582210599711,"stop":1582210606107},{"name":"Когда  Отметить чекбокс –  \"3 ГБ\"","status":"passed","stage":"finished","steps":[{"name":"Выбираем обьем в GB","status":"passed","stage":"finished","steps":[],"attachments":[],"parameters":[{"name":"amount","value":"3 ГБ"}],"start":1582210606109,"stop":1582210610665}],"attachments":[],"parameters":[],"start":1582210606108,"stop":1582210610667},{"name":"Когда  Из результатов поиска добавьте в корзину первые 8 нечетных  товаров.","status":"passed","stage":"finished","steps":[{"name":"Добавляем в корзину первые 8 нечетных  товаров","status":"passed","stage":"finished","steps":[],"attachments":[],"parameters":[],"start":1582210610672,"stop":1582210669343}],"attachments":[],"parameters":[],"start":1582210610670,"stop":1582210669345},{"name":"Когда  Запомнить название товаров","status":"passed","stage":"finished","steps":[{"name":"Запомнили названия в предидущем шаге","status":"passed","stage":"finished","steps":[],"attachments":[],"parameters":[],"start":1582210669347,"stop":1582210669347}],"attachments":[],"parameters":[],"start":1582210669346,"stop":1582210669348},{"name":"Когда  Перейдите в корзину, убедитесь, что все добавленные ранее товары находятся в корзине","status":"passed","stage":"finished","steps":[{"name":"Нажимаем на кнопку корзины","status":"passed","stage":"finished","steps":[],"attachments":[],"parameters":[],"start":1582210669352,"stop":1582210675590},{"name":"Проверяем есть ли на странице все ранее добавленные товары","status":"passed","stage":"finished","steps":[],"attachments":[],"parameters":[],"start":1582210675591,"stop":1582210692359}],"attachments":[],"parameters":[],"start":1582210669351,"stop":1582210692360},{"name":"Когда  Проверить, что отображается текст \"Ваша корзина - 8 товаров\"","status":"passed","stage":"finished","steps":[{"name":"Проверяем наличие текста на странице","status":"broken","statusDetails":{"known":false,"muted":false,"flaky":false,"message":"java.lang.NullPointerException","trace":"java.lang.NullPointerException\n\tat pages.BasketPage.<init>(BasketPage.java:26)\n\tat steps.BasketPageSteps.checkIsTextExist(BasketPageSteps.java:23)\n\tat steps.CucumberSteps.checkBasket(CucumberSteps.java:69)\n\tat sun.reflect.NativeMethodAccessorImpl.invoke0(Native Method)\n\tat sun.reflect.NativeMethodAccessorImpl.invoke(NativeMethodAccessorImpl.java:62)\n\tat sun.reflect.DelegatingMethodAccessorImpl.invoke(DelegatingMethodAccessorImpl.java:43)\n\tat java.lang.reflect.Method.invoke(Method.java:498)\n\tat cucumber.runtime.Utils$1.call(Utils.java:26)\n\tat cucumber.runtime.Timeout.timeout(Timeout.java:16)\n\tat cucumber.runtime.Utils.invoke(Utils.java:20)\n\tat cucumber.runtime.java.JavaStepDefinition.execute(JavaStepDefinition.java:48)\n\tat cucumber.runtime.PickleStepDefinitionMatch.runStep(PickleStepDefinitionMatch.java:50)\n\tat cucumber.runner.TestStep.executeStep(TestStep.java:55)\n\tat cucumber.runner.TestStep.run(TestStep.java:42)\n\tat cucumber.runner.PickleStepTestStep.run(PickleStepTestStep.java:53)\n\tat cucumber.runner.TestCase.run(TestCase.java:47)\n\tat cucumber.runner.Runner.runPickle(Runner.java:44)\n\tat cucumber.runtime.junit.PickleRunners$NoStepDescriptions.run(PickleRunners.java:140)\n\tat cucumber.runtime.junit.FeatureRunner.runChild(FeatureRunner.java:68)\n\tat cucumber.runtime.junit.FeatureRunner.runChild(FeatureRunner.java:23)\n\tat org.junit.runners.ParentRunner$3.run(ParentRunner.java:290)\n\tat org.junit.runners.ParentRunner$1.schedule(ParentRunner.java:71)\n\tat org.junit.runners.ParentRunner.runChildren(ParentRunner.java:288)\n\tat org.junit.runners.ParentRunner.access$000(ParentRunner.java:58)\n\tat org.junit.runners.ParentRunner$2.evaluate(ParentRunner.java:268)\n\tat org.junit.runners.ParentRunner.run(ParentRunner.java:363)\n\tat cucumber.runtime.junit.FeatureRunner.run(FeatureRunner.java:73)\n\tat cucumber.api.junit.Cucumber.runChild(Cucumber.java:98)\n\tat cucumber.api.junit.Cucumber.runChild(Cucumber.java:55)\n\tat org.junit.runners.ParentRunner$3.run(ParentRunner.java:290)\n\tat org.junit.runners.ParentRunner$1.schedule(ParentRunner.java:71)\n\tat org.junit.runners.ParentRunner.runChildren(ParentRunner.java:288)\n\tat org.junit.runners.ParentRunner.access$000(ParentRunner.java:58)\n\tat org.junit.runners.ParentRunner$2.evaluate(ParentRunner.java:268)\n\tat cucumber.api.junit.Cucumber$1.evaluate(Cucumber.java:107)\n\tat org.junit.runners.ParentRunner.run(ParentRunner.java:363)\n\tat org.junit.runner.JUnitCore.run(JUnitCore.java:137)\n\tat com.intellij.junit4.JUnit4IdeaTestRunner.startRunnerWithArgs(JUnit4IdeaTestRunner.java:68)\n\tat com.intellij.rt.junit.IdeaTestRunner$Repeater.startRunnerWithArgs(IdeaTestRunner.java:33)\n\tat com.intellij.rt.junit.JUnitStarter.prepareStreamsAndStart(JUnitStarter.java:230)\n\tat com.intellij.rt.junit.JUnitStarter.main(JUnitStarter.java:58)\n"},"stage":"finished","steps":[],"attachments":[],"parameters":[{"name":"text","value":"Ваша корзина - 8 товаров"}],"start":1582210692361,"stop":1582210692365}],"attachments":[],"parameters":[],"start":1582210692361,"stop":1582210692368},{"name":"Когда  Удалите все товары из корзины","status":"failed","stage":"finished","steps":[{"name":"Удаляем все товары из корзины","status":"broken","statusDetails":{"known":false,"muted":false,"flaky":false,"message":"no such element: Unable to locate element: {\"method\":\"xpath\",\"selector\":\"(//span[contains(text(),'Удалить') and @class='b4y1'])[1]\"}\n  (Session info: chrome=80.0.3987.116)\n  (Driver info: chromedriver=79.0.3945.36 (3582db32b33893869b8c1339e8f4d9ed1816f143-refs/branch-heads/3945@{#614}),platform=Mac OS X 10.14.5 x86_64) (WARNING: The server did not provide any stacktrace information)\nCommand duration or timeout: 20.06 seconds\nFor documentation on this error, please visit: http://seleniumhq.org/exceptions/no_such_element.html\nBuild info: version: '2.53.1', revision: 'a36b8b1cd5757287168e54b817830adce9b0158d', time: '2016-06-30 19:26:09'\nSystem info: host: 'Znakarik-MacBook.local', ip: '10.5.187.216', os.name: 'Mac OS X', os.arch: 'x86_64', os.version: '10.14.5', java.version: '1.8.0_231'\nDriver info: org.openqa.selenium.chrome.ChromeDriver\nCapabilities [{mobileEmulationEnabled=false, timeouts={implicit=0, pageLoad=300000, script=30000}, hasTouchScreen=false, platform=MAC, acceptSslCerts=false, goog:chromeOptions={debuggerAddress=localhost:53238}, acceptInsecureCerts=false, webStorageEnabled=true, browserName=chrome, takesScreenshot=true, javascriptEnabled=true, setWindowRect=true, unexpectedAlertBehaviour=ignore, applicationCacheEnabled=false, rotatable=false, networkConnectionEnabled=false, chrome={chromedriverVersion=79.0.3945.36 (3582db32b33893869b8c1339e8f4d9ed1816f143-refs/branch-heads/3945@{#614}), userDataDir=/var/folders/7k/7kxzhkmd37s9vbtdl70k14lw0000gp/T/.com.google.Chrome.bCElLg}, takesHeapSnapshot=true, pageLoadStrategy=normal, strictFileInteractability=false, databaseEnabled=false, handlesAlerts=true, version=80.0.3987.116, browserConnectionEnabled=false, proxy={}, nativeEvents=true, locationContextEnabled=true, cssSelectorsEnabled=true}]\nSession ID: 948d78c95e8c3f507a37fca01b9b9845\n*** Element info: {Using=xpath, value=(//span[contains(text(),'Удалить') and @class='b4y1'])[1]}","trace":"org.openqa.selenium.NoSuchElementException: no such element: Unable to locate element: {\"method\":\"xpath\",\"selector\":\"(//span[contains(text(),'Удалить') and @class='b4y1'])[1]\"}\n  (Session info: chrome=80.0.3987.116)\n  (Driver info: chromedriver=79.0.3945.36 (3582db32b33893869b8c1339e8f4d9ed1816f143-refs/branch-heads/3945@{#614}),platform=Mac OS X 10.14.5 x86_64) (WARNING: The server did not provide any stacktrace information)\nCommand duration or timeout: 20.06 seconds\nFor documentation on this error, please visit: http://seleniumhq.org/exceptions/no_such_element.html\nBuild info: version: '2.53.1', revision: 'a36b8b1cd5757287168e54b817830adce9b0158d', time: '2016-06-30 19:26:09'\nSystem info: host: 'Znakarik-MacBook.local', ip: '10.5.187.216', os.name: 'Mac OS X', os.arch: 'x86_64', os.version: '10.14.5', java.version: '1.8.0_231'\nDriver info: org.openqa.selenium.chrome.ChromeDriver\nCapabilities [{mobileEmulationEnabled=false, timeouts={implicit=0, pageLoad=300000, script=30000}, hasTouchScreen=false, platform=MAC, acceptSslCerts=false, goog:chromeOptions={debuggerAddress=localhost:53238}, acceptInsecureCerts=false, webStorageEnabled=true, browserName=chrome, takesScreenshot=true, javascriptEnabled=true, setWindowRect=true, unexpectedAlertBehaviour=ignore, applicationCacheEnabled=false, rotatable=false, networkConnectionEnabled=false, chrome={chromedriverVersion=79.0.3945.36 (3582db32b33893869b8c1339e8f4d9ed1816f143-refs/branch-heads/3945@{#614}), userDataDir=/var/folders/7k/7kxzhkmd37s9vbtdl70k14lw0000gp/T/.com.google.Chrome.bCElLg}, takesHeapSnapshot=true, pageLoadStrategy=normal, strictFileInteractability=false, databaseEnabled=false, handlesAlerts=true, version=80.0.3987.116, browserConnectionEnabled=false, proxy={}, nativeEvents=true, locationContextEnabled=true, cssSelectorsEnabled=true}]\nSession ID: 948d78c95e8c3f507a37fca01b9b9845\n*** Element info: {Using=xpath, value=(//span[contains(text(),'Удалить') and @class='b4y1'])[1]}\n\tat sun.reflect.NativeConstructorAccessorImpl.newInstance0(Native Method)\n\tat sun.reflect.NativeConstructorAccessorImpl.newInstance(NativeConstructorAccessorImpl.java:62)\n\tat sun.reflect.DelegatingConstructorAccessorImpl.newInstance(DelegatingConstructorAccessorImpl.java:45)\n\tat java.lang.reflect.Constructor.newInstance(Constructor.java:423)\n\tat org.openqa.selenium.remote.ErrorHandler.createThrowable(ErrorHandler.java:206)\n\tat org.openqa.selenium.remote.ErrorHandler.throwIfResponseFailed(ErrorHandler.java:158)\n\tat org.openqa.selenium.remote.RemoteWebDriver.execute(RemoteWebDriver.java:678)\n\tat org.openqa.selenium.remote.RemoteWebDriver.findElement(RemoteWebDriver.java:363)\n\tat org.openqa.selenium.remote.RemoteWebDriver.findElementByXPath(RemoteWebDriver.java:500)\n\tat org.openqa.selenium.By$ByXPath.findElement(By.java:361)\n\tat org.openqa.selenium.remote.RemoteWebDriver.findElement(RemoteWebDriver.java:355)\n\tat ru.stqa.selenium.wrapper.WebDriverWrapper.findElement(WebDriverWrapper.java:195)\n\tat steps.BasketPageSteps.deleteAll(BasketPageSteps.java:29)\n\tat steps.CucumberSteps.deleteAllItems(CucumberSteps.java:77)\n\tat sun.reflect.NativeMethodAccessorImpl.invoke0(Native Method)\n\tat sun.reflect.NativeMethodAccessorImpl.invoke(NativeMethodAccessorImpl.java:62)\n\tat sun.reflect.DelegatingMethodAccessorImpl.invoke(DelegatingMethodAccessorImpl.java:43)\n\tat java.lang.reflect.Method.invoke(Method.java:498)\n\tat cucumber.runtime.Utils$1.call(Utils.java:26)\n\tat cucumber.runtime.Timeout.timeout(Timeout.java:16)\n\tat cucumber.runtime.Utils.invoke(Utils.java:20)\n\tat cucumber.runtime.java.JavaStepDefinition.execute(JavaStepDefinition.java:48)\n\tat cucumber.runtime.PickleStepDefinitionMatch.runStep(PickleStepDefinitionMatch.java:50)\n\tat cucumber.runner.TestStep.executeStep(TestStep.java:55)\n\tat cucumber.runner.TestStep.run(TestStep.java:42)\n\tat cucumber.runner.PickleStepTestStep.run(PickleStepTestStep.java:53)\n\tat cucumber.runner.TestCase.run(TestCase.java:47)\n\tat cucumber.runner.Runner.runPickle(Runner.java:44)\n\tat cucumber.runtime.junit.PickleRunners$NoStepDescriptions.run(PickleRunners.java:140)\n\tat cucumber.runtime.junit.FeatureRunner.runChild(FeatureRunner.java:68)\n\tat cucumber.runtime.junit.FeatureRunner.runChild(FeatureRunner.java:23)\n\tat org.junit.runners.ParentRunner$3.run(ParentRunner.java:290)\n\tat org.junit.runners.ParentRunner$1.schedule(ParentRunner.java:71)\n\tat org.junit.runners.ParentRunner.runChildren(ParentRunner.java:288)\n\tat org.junit.runners.ParentRunner.access$000(ParentRunner.java:58)\n\tat org.junit.runners.ParentRunner$2.evaluate(ParentRunner.java:268)\n\tat org.junit.runners.ParentRunner.run(ParentRunner.java:363)\n\tat cucumber.runtime.junit.FeatureRunner.run(FeatureRunner.java:73)\n\tat cucumber.api.junit.Cucumber.runChild(Cucumber.java:98)\n\tat cucumber.api.junit.Cucumber.runChild(Cucumber.java:55)\n\tat org.junit.runners.ParentRunner$3.run(ParentRunner.java:290)\n\tat org.junit.runners.ParentRunner$1.schedule(ParentRunner.java:71)\n\tat org.junit.runners.ParentRunner.runChildren(ParentRunner.java:288)\n\tat org.junit.runners.ParentRunner.access$000(ParentRunner.java:58)\n\tat org.junit.runners.ParentRunner$2.evaluate(ParentRunner.java:268)\n\tat cucumber.api.junit.Cucumber$1.evaluate(Cucumber.java:107)\n\tat org.junit.runners.ParentRunner.run(ParentRunner.java:363)\n\tat org.junit.runner.JUnitCore.run(JUnitCore.java:137)\n\tat com.intellij.junit4.JUnit4IdeaTestRunner.startRunnerWithArgs(JUnit4IdeaTestRunner.java:68)\n\tat com.intellij.rt.junit.IdeaTestRunner$Repeater.startRunnerWithArgs(IdeaTestRunner.java:33)\n\tat com.intellij.rt.junit.JUnitStarter.prepareStreamsAndStart(JUnitStarter.java:230)\n\tat com.intellij.rt.junit.JUnitStarter.main(JUnitStarter.java:58)\n"},"stage":"finished","steps":[],"attachments":[],"parameters":[],"start":1582210692369,"stop":1582210712659}],"attachments":[],"parameters":[],"start":1582210692369,"stop":1582210712662},{"name":"after","status":"passed","stage":"finished","steps":[],"attachments":[],"parameters":[],"start":1582210712664,"stop":1582210712970}],"attachments":[],"parameters":[],"start":1582210565350,"stop":1582210712978,"uuid":"c0eec3b4-5bd7-4057-9f72-79c17bc75993","historyId":"6e374802bf25d4bbc9bf79c020020c22","labels":[{"name":"feature","value":"Первый тест"},{"name":"story","value":""},{"name":"host","value":"Znakarik-MacBook.local"},{"name":"package","value":"Первый тест"},{"name":"suite","value":"Первый тест"},{"name":"testClass","value":""},{"name":"thread","value":"50198@Znakarik-MacBook.local.main(1)"}],"links":[]}