{"name":"","status":"failed","statusDetails":{"known":false,"muted":false,"flaky":false,"message":"Timed out after 30 seconds waiting for visibility of Proxy element for: DefaultElementLocator 'By.xpath: //div[@class='b1h7']/div[contains(text(),'Цена')]/..//label[contains(text(),'до')]/following-sibling::div/input[@class='ui-av9 ui-av4']'\nBuild info: version: '2.53.1', revision: 'a36b8b1cd5757287168e54b817830adce9b0158d', time: '2016-06-30 19:26:09'\nSystem info: host: 'Znakarik-MacBook.local', ip: '172.20.10.13', os.name: 'Mac OS X', os.arch: 'x86_64', os.version: '10.14.5', java.version: '1.8.0_231'\nDriver info: org.openqa.selenium.chrome.ChromeDriver\nCapabilities [{mobileEmulationEnabled=false, timeouts={implicit=0, pageLoad=300000, script=30000}, hasTouchScreen=false, platform=MAC, acceptSslCerts=false, goog:chromeOptions={debuggerAddress=localhost:61433}, acceptInsecureCerts=false, webStorageEnabled=true, browserName=chrome, takesScreenshot=true, javascriptEnabled=true, setWindowRect=true, unexpectedAlertBehaviour=ignore, applicationCacheEnabled=false, rotatable=false, networkConnectionEnabled=false, chrome={chromedriverVersion=79.0.3945.36 (3582db32b33893869b8c1339e8f4d9ed1816f143-refs/branch-heads/3945@{#614}), userDataDir=/var/folders/7k/7kxzhkmd37s9vbtdl70k14lw0000gp/T/.com.google.Chrome.eFsT36}, takesHeapSnapshot=true, pageLoadStrategy=normal, strictFileInteractability=false, databaseEnabled=false, handlesAlerts=true, version=80.0.3987.106, browserConnectionEnabled=false, proxy={}, nativeEvents=true, locationContextEnabled=true, cssSelectorsEnabled=true}]\nSession ID: 7191ea8b9bfa8c2e4e16b6c0b0720ab9","trace":"org.openqa.selenium.TimeoutException: Timed out after 30 seconds waiting for visibility of Proxy element for: DefaultElementLocator 'By.xpath: //div[@class='b1h7']/div[contains(text(),'Цена')]/..//label[contains(text(),'до')]/following-sibling::div/input[@class='ui-av9 ui-av4']'\nBuild info: version: '2.53.1', revision: 'a36b8b1cd5757287168e54b817830adce9b0158d', time: '2016-06-30 19:26:09'\nSystem info: host: 'Znakarik-MacBook.local', ip: '172.20.10.13', os.name: 'Mac OS X', os.arch: 'x86_64', os.version: '10.14.5', java.version: '1.8.0_231'\nDriver info: org.openqa.selenium.chrome.ChromeDriver\nCapabilities [{mobileEmulationEnabled=false, timeouts={implicit=0, pageLoad=300000, script=30000}, hasTouchScreen=false, platform=MAC, acceptSslCerts=false, goog:chromeOptions={debuggerAddress=localhost:61433}, acceptInsecureCerts=false, webStorageEnabled=true, browserName=chrome, takesScreenshot=true, javascriptEnabled=true, setWindowRect=true, unexpectedAlertBehaviour=ignore, applicationCacheEnabled=false, rotatable=false, networkConnectionEnabled=false, chrome={chromedriverVersion=79.0.3945.36 (3582db32b33893869b8c1339e8f4d9ed1816f143-refs/branch-heads/3945@{#614}), userDataDir=/var/folders/7k/7kxzhkmd37s9vbtdl70k14lw0000gp/T/.com.google.Chrome.eFsT36}, takesHeapSnapshot=true, pageLoadStrategy=normal, strictFileInteractability=false, databaseEnabled=false, handlesAlerts=true, version=80.0.3987.106, browserConnectionEnabled=false, proxy={}, nativeEvents=true, locationContextEnabled=true, cssSelectorsEnabled=true}]\nSession ID: 7191ea8b9bfa8c2e4e16b6c0b0720ab9\n\tat org.openqa.selenium.support.ui.WebDriverWait.timeoutException(WebDriverWait.java:80)\n\tat org.openqa.selenium.support.ui.FluentWait.until(FluentWait.java:261)\n\tat pages.BasePage.click(BasePage.java:41)\n\tat steps.ItemsPageSteps.limitPrice(ItemsPageSteps.java:21)\n\tat steps.CucumberSteps.limitPrice(CucumberSteps.java:26)\n\tat ✽.Ограничить цену до \"100 000\"(./src/test/java/features/first.feature:7)\nCaused by: org.openqa.selenium.NoSuchElementException: no such element: Unable to locate element: {\"method\":\"xpath\",\"selector\":\"//div[@class='b1h7']/div[contains(text(),'Цена')]/..//label[contains(text(),'до')]/following-sibling::div/input[@class='ui-av9 ui-av4']\"}\n  (Session info: chrome=80.0.3987.106)\n  (Driver info: chromedriver=79.0.3945.36 (3582db32b33893869b8c1339e8f4d9ed1816f143-refs/branch-heads/3945@{#614}),platform=Mac OS X 10.14.5 x86_64) (WARNING: The server did not provide any stacktrace information)\nCommand duration or timeout: 15.06 seconds\nFor documentation on this error, please visit: http://seleniumhq.org/exceptions/no_such_element.html\nBuild info: version: '2.53.1', revision: 'a36b8b1cd5757287168e54b817830adce9b0158d', time: '2016-06-30 19:26:09'\nSystem info: host: 'Znakarik-MacBook.local', ip: '172.20.10.13', os.name: 'Mac OS X', os.arch: 'x86_64', os.version: '10.14.5', java.version: '1.8.0_231'\nDriver info: org.openqa.selenium.chrome.ChromeDriver\nCapabilities [{mobileEmulationEnabled=false, timeouts={implicit=0, pageLoad=300000, script=30000}, hasTouchScreen=false, platform=MAC, acceptSslCerts=false, goog:chromeOptions={debuggerAddress=localhost:61433}, acceptInsecureCerts=false, webStorageEnabled=true, browserName=chrome, takesScreenshot=true, javascriptEnabled=true, setWindowRect=true, unexpectedAlertBehaviour=ignore, applicationCacheEnabled=false, rotatable=false, networkConnectionEnabled=false, chrome={chromedriverVersion=79.0.3945.36 (3582db32b33893869b8c1339e8f4d9ed1816f143-refs/branch-heads/3945@{#614}), userDataDir=/var/folders/7k/7kxzhkmd37s9vbtdl70k14lw0000gp/T/.com.google.Chrome.eFsT36}, takesHeapSnapshot=true, pageLoadStrategy=normal, strictFileInteractability=false, databaseEnabled=false, handlesAlerts=true, version=80.0.3987.106, browserConnectionEnabled=false, proxy={}, nativeEvents=true, locationContextEnabled=true, cssSelectorsEnabled=true}]\nSession ID: 7191ea8b9bfa8c2e4e16b6c0b0720ab9\n*** Element info: {Using=xpath, value=//div[@class='b1h7']/div[contains(text(),'Цена')]/..//label[contains(text(),'до')]/following-sibling::div/input[@class='ui-av9 ui-av4']}\n\tat sun.reflect.NativeConstructorAccessorImpl.newInstance0(Native Method)\n\tat sun.reflect.NativeConstructorAccessorImpl.newInstance(NativeConstructorAccessorImpl.java:62)\n\tat sun.reflect.DelegatingConstructorAccessorImpl.newInstance(DelegatingConstructorAccessorImpl.java:45)\n\tat java.lang.reflect.Constructor.newInstance(Constructor.java:423)\n\tat org.openqa.selenium.remote.ErrorHandler.createThrowable(ErrorHandler.java:206)\n\tat org.openqa.selenium.remote.ErrorHandler.throwIfResponseFailed(ErrorHandler.java:158)\n\tat org.openqa.selenium.remote.RemoteWebDriver.execute(RemoteWebDriver.java:678)\n\tat org.openqa.selenium.remote.RemoteWebDriver.findElement(RemoteWebDriver.java:363)\n\tat org.openqa.selenium.remote.RemoteWebDriver.findElementByXPath(RemoteWebDriver.java:500)\n\tat org.openqa.selenium.By$ByXPath.findElement(By.java:361)\n\tat org.openqa.selenium.remote.RemoteWebDriver.findElement(RemoteWebDriver.java:355)\n\tat org.openqa.selenium.support.pagefactory.DefaultElementLocator.findElement(DefaultElementLocator.java:69)\n\tat org.openqa.selenium.support.pagefactory.internal.LocatingElementHandler.invoke(LocatingElementHandler.java:38)\n\tat com.sun.proxy.$Proxy13.isDisplayed(Unknown Source)\n\tat org.openqa.selenium.support.ui.ExpectedConditions.elementIfVisible(ExpectedConditions.java:302)\n\tat org.openqa.selenium.support.ui.ExpectedConditions.access$100(ExpectedConditions.java:41)\n\tat org.openqa.selenium.support.ui.ExpectedConditions$10.apply(ExpectedConditions.java:288)\n\tat org.openqa.selenium.support.ui.ExpectedConditions$10.apply(ExpectedConditions.java:285)\n\tat org.openqa.selenium.support.ui.FluentWait.until(FluentWait.java:238)\n\tat pages.BasePage.click(BasePage.java:41)\n\tat steps.ItemsPageSteps.limitPrice(ItemsPageSteps.java:21)\n\tat steps.CucumberSteps.limitPrice(CucumberSteps.java:26)\n\tat sun.reflect.NativeMethodAccessorImpl.invoke0(Native Method)\n\tat sun.reflect.NativeMethodAccessorImpl.invoke(NativeMethodAccessorImpl.java:62)\n\tat sun.reflect.DelegatingMethodAccessorImpl.invoke(DelegatingMethodAccessorImpl.java:43)\n\tat java.lang.reflect.Method.invoke(Method.java:498)\n\tat cucumber.runtime.Utils$1.call(Utils.java:26)\n\tat cucumber.runtime.Timeout.timeout(Timeout.java:16)\n\tat cucumber.runtime.Utils.invoke(Utils.java:20)\n\tat cucumber.runtime.java.JavaStepDefinition.execute(JavaStepDefinition.java:48)\n\tat cucumber.runtime.PickleStepDefinitionMatch.runStep(PickleStepDefinitionMatch.java:50)\n\tat cucumber.runner.TestStep.executeStep(TestStep.java:55)\n\tat cucumber.runner.TestStep.run(TestStep.java:42)\n\tat cucumber.runner.PickleStepTestStep.run(PickleStepTestStep.java:53)\n\tat cucumber.runner.TestCase.run(TestCase.java:47)\n\tat cucumber.runner.Runner.runPickle(Runner.java:44)\n\tat cucumber.runtime.junit.PickleRunners$NoStepDescriptions.run(PickleRunners.java:140)\n\tat cucumber.runtime.junit.FeatureRunner.runChild(FeatureRunner.java:68)\n\tat cucumber.runtime.junit.FeatureRunner.runChild(FeatureRunner.java:23)\n\tat org.junit.runners.ParentRunner$3.run(ParentRunner.java:290)\n\tat org.junit.runners.ParentRunner$1.schedule(ParentRunner.java:71)\n\tat org.junit.runners.ParentRunner.runChildren(ParentRunner.java:288)\n\tat org.junit.runners.ParentRunner.access$000(ParentRunner.java:58)\n\tat org.junit.runners.ParentRunner$2.evaluate(ParentRunner.java:268)\n\tat org.junit.runners.ParentRunner.run(ParentRunner.java:363)\n\tat cucumber.runtime.junit.FeatureRunner.run(FeatureRunner.java:73)\n\tat cucumber.api.junit.Cucumber.runChild(Cucumber.java:98)\n\tat cucumber.api.junit.Cucumber.runChild(Cucumber.java:55)\n\tat org.junit.runners.ParentRunner$3.run(ParentRunner.java:290)\n\tat org.junit.runners.ParentRunner$1.schedule(ParentRunner.java:71)\n\tat org.junit.runners.ParentRunner.runChildren(ParentRunner.java:288)\n\tat org.junit.runners.ParentRunner.access$000(ParentRunner.java:58)\n\tat org.junit.runners.ParentRunner$2.evaluate(ParentRunner.java:268)\n\tat cucumber.api.junit.Cucumber$1.evaluate(Cucumber.java:107)\n\tat org.junit.runners.ParentRunner.run(ParentRunner.java:363)\n\tat org.junit.runner.JUnitCore.run(JUnitCore.java:137)\n\tat com.intellij.junit4.JUnit4IdeaTestRunner.startRunnerWithArgs(JUnit4IdeaTestRunner.java:68)\n\tat com.intellij.rt.execution.junit.IdeaTestRunner$Repeater.startRunnerWithArgs(IdeaTestRunner.java:47)\n\tat com.intellij.rt.execution.junit.JUnitStarter.prepareStreamsAndStart(JUnitStarter.java:242)\n\tat com.intellij.rt.execution.junit.JUnitStarter.main(JUnitStarter.java:70)\n"},"stage":"finished","steps":[{"name":"before","status":"passed","stage":"finished","steps":[],"attachments":[],"parameters":[],"start":1581942523477,"stop":1581942536165},{"name":"Когда  Перейдите на сервис http://www.ozon.ru/","status":"passed","stage":"finished","steps":[],"attachments":[],"parameters":[],"start":1581942536172,"stop":1581942536461},{"name":"Когда  Выполните поиск по \"iphone\"","status":"passed","stage":"finished","steps":[],"attachments":[],"parameters":[],"start":1581942536464,"stop":1581942538997},{"name":"Когда  Ограничить цену до \"100 000\"","status":"failed","stage":"finished","steps":[],"attachments":[],"parameters":[],"start":1581942538999,"stop":1581942584707},{"name":"Когда  Отметить чекбокс – \"Высокий рейтинг\"","status":"skipped","stage":"finished","steps":[],"attachments":[],"parameters":[],"start":1581942584712,"stop":1581942584713},{"name":"Когда  Отметить чекбокс –  \"3Гб\"","status":"skipped","stage":"finished","steps":[],"attachments":[],"parameters":[],"start":1581942584714,"stop":1581942584717},{"name":"Когда  Из результатов поиска добавьте в корзину первые 8 нечетных  товаров.","status":"skipped","stage":"finished","steps":[],"attachments":[],"parameters":[],"start":1581942584718,"stop":1581942584719},{"name":"Когда  Запомнить название товаров","status":"skipped","stage":"finished","steps":[],"attachments":[],"parameters":[],"start":1581942584720,"stop":1581942584720},{"name":"Когда  Перейдите в корзину, убедитесь, что все добавленные ранее товары находятся в корзине","status":"skipped","stage":"finished","steps":[],"attachments":[],"parameters":[],"start":1581942584721,"stop":1581942584721},{"name":"Когда  Проверить, что отображается текст \"Ваша корзина  - 8 товаров\"","status":"skipped","stage":"finished","steps":[],"attachments":[],"parameters":[],"start":1581942584722,"stop":1581942584722},{"name":"Когда  Удалите все товары из корзины","status":"skipped","stage":"finished","steps":[],"attachments":[],"parameters":[],"start":1581942584723,"stop":1581942584724},{"name":"Когда  Проверьте, что корзина не содержит никаких товаров","status":"skipped","stage":"finished","steps":[],"attachments":[],"parameters":[],"start":1581942584725,"stop":1581942584725},{"name":"after","status":"passed","stage":"finished","steps":[],"attachments":[],"parameters":[],"start":1581942584726,"stop":1581942585100}],"attachments":[],"parameters":[],"start":1581942523455,"stop":1581942585104,"uuid":"fd56c9c7-b609-4a73-baf1-c0614b3fa0f6","historyId":"6e374802bf25d4bbc9bf79c020020c22","labels":[{"name":"feature","value":""},{"name":"story","value":""},{"name":"host","value":"Znakarik-MacBook.local"},{"name":"package","value":""},{"name":"suite","value":""},{"name":"testClass","value":""},{"name":"thread","value":"26174@Znakarik-MacBook.local.main(1)"}],"links":[]}