{"name":"Второй тест","status":"failed","statusDetails":{"known":false,"muted":false,"flaky":false,"message":"no such element: Unable to locate element: {\"method\":\"xpath\",\"selector\":\"//div[@class='a1']//button\"}\n  (Session info: chrome=80.0.3987.122)\n  (Driver info: chromedriver=79.0.3945.36 (3582db32b33893869b8c1339e8f4d9ed1816f143-refs/branch-heads/3945@{#614}),platform=Mac OS X 10.14.5 x86_64) (WARNING: The server did not provide any stacktrace information)\nCommand duration or timeout: 20.01 seconds\nFor documentation on this error, please visit: http://seleniumhq.org/exceptions/no_such_element.html\nBuild info: version: '2.53.1', revision: 'a36b8b1cd5757287168e54b817830adce9b0158d', time: '2016-06-30 19:26:09'\nSystem info: host: 'Znakarik-MacBook.local', ip: '172.20.10.13', os.name: 'Mac OS X', os.arch: 'x86_64', os.version: '10.14.5', java.version: '1.8.0_231'\nDriver info: org.openqa.selenium.chrome.ChromeDriver\nCapabilities [{mobileEmulationEnabled=false, timeouts={implicit=0, pageLoad=300000, script=30000}, hasTouchScreen=false, platform=MAC, acceptSslCerts=false, goog:chromeOptions={debuggerAddress=localhost:53312}, acceptInsecureCerts=false, webStorageEnabled=true, browserName=chrome, takesScreenshot=true, javascriptEnabled=true, setWindowRect=true, unexpectedAlertBehaviour=ignore, applicationCacheEnabled=false, rotatable=false, networkConnectionEnabled=false, chrome={chromedriverVersion=79.0.3945.36 (3582db32b33893869b8c1339e8f4d9ed1816f143-refs/branch-heads/3945@{#614}), userDataDir=/var/folders/7k/7kxzhkmd37s9vbtdl70k14lw0000gp/T/.com.google.Chrome.iFYA64}, takesHeapSnapshot=true, pageLoadStrategy=normal, strictFileInteractability=false, databaseEnabled=false, handlesAlerts=true, version=80.0.3987.122, browserConnectionEnabled=false, proxy={}, nativeEvents=true, locationContextEnabled=true, cssSelectorsEnabled=true}]\nSession ID: 27a0d41327b0b25ec61ee4cb4134611c\n*** Element info: {Using=xpath, value=//div[@class='a1']//button}","trace":"org.openqa.selenium.NoSuchElementException: no such element: Unable to locate element: {\"method\":\"xpath\",\"selector\":\"//div[@class='a1']//button\"}\n  (Session info: chrome=80.0.3987.122)\n  (Driver info: chromedriver=79.0.3945.36 (3582db32b33893869b8c1339e8f4d9ed1816f143-refs/branch-heads/3945@{#614}),platform=Mac OS X 10.14.5 x86_64) (WARNING: The server did not provide any stacktrace information)\nCommand duration or timeout: 20.01 seconds\nFor documentation on this error, please visit: http://seleniumhq.org/exceptions/no_such_element.html\nBuild info: version: '2.53.1', revision: 'a36b8b1cd5757287168e54b817830adce9b0158d', time: '2016-06-30 19:26:09'\nSystem info: host: 'Znakarik-MacBook.local', ip: '172.20.10.13', os.name: 'Mac OS X', os.arch: 'x86_64', os.version: '10.14.5', java.version: '1.8.0_231'\nDriver info: org.openqa.selenium.chrome.ChromeDriver\nCapabilities [{mobileEmulationEnabled=false, timeouts={implicit=0, pageLoad=300000, script=30000}, hasTouchScreen=false, platform=MAC, acceptSslCerts=false, goog:chromeOptions={debuggerAddress=localhost:53312}, acceptInsecureCerts=false, webStorageEnabled=true, browserName=chrome, takesScreenshot=true, javascriptEnabled=true, setWindowRect=true, unexpectedAlertBehaviour=ignore, applicationCacheEnabled=false, rotatable=false, networkConnectionEnabled=false, chrome={chromedriverVersion=79.0.3945.36 (3582db32b33893869b8c1339e8f4d9ed1816f143-refs/branch-heads/3945@{#614}), userDataDir=/var/folders/7k/7kxzhkmd37s9vbtdl70k14lw0000gp/T/.com.google.Chrome.iFYA64}, takesHeapSnapshot=true, pageLoadStrategy=normal, strictFileInteractability=false, databaseEnabled=false, handlesAlerts=true, version=80.0.3987.122, browserConnectionEnabled=false, proxy={}, nativeEvents=true, locationContextEnabled=true, cssSelectorsEnabled=true}]\nSession ID: 27a0d41327b0b25ec61ee4cb4134611c\n*** Element info: {Using=xpath, value=//div[@class='a1']//button}\n\tat sun.reflect.NativeConstructorAccessorImpl.newInstance0(Native Method)\n\tat sun.reflect.NativeConstructorAccessorImpl.newInstance(NativeConstructorAccessorImpl.java:62)\n\tat sun.reflect.DelegatingConstructorAccessorImpl.newInstance(DelegatingConstructorAccessorImpl.java:45)\n\tat java.lang.reflect.Constructor.newInstance(Constructor.java:423)\n\tat org.openqa.selenium.remote.ErrorHandler.createThrowable(ErrorHandler.java:206)\n\tat org.openqa.selenium.remote.ErrorHandler.throwIfResponseFailed(ErrorHandler.java:158)\n\tat org.openqa.selenium.remote.RemoteWebDriver.execute(RemoteWebDriver.java:678)\n\tat org.openqa.selenium.remote.RemoteWebDriver.findElement(RemoteWebDriver.java:363)\n\tat org.openqa.selenium.remote.RemoteWebDriver.findElementByXPath(RemoteWebDriver.java:500)\n\tat org.openqa.selenium.By$ByXPath.findElement(By.java:361)\n\tat org.openqa.selenium.remote.RemoteWebDriver.findElement(RemoteWebDriver.java:355)\n\tat ru.stqa.selenium.wrapper.WebDriverWrapper.findElement(WebDriverWrapper.java:195)\n\tat steps.ItemsPageSteps.voteHighPriority(ItemsPageSteps.java:58)\n\tat steps.CucumberSteps.chooseHighRate(CucumberSteps.java:41)\n\tat ✽.Отметить чекбокс – \"Высокий рейтинг\"(./src/test/java/features/second.feature:11)\n"},"stage":"finished","steps":[{"name":"before","status":"passed","stage":"finished","steps":[],"attachments":[],"parameters":[],"start":1582710810268,"stop":1582710820084},{"name":"Когда  Перейдите на сервис \"http://www.ozon.ru/\"","status":"passed","stage":"finished","steps":[{"name":"Переходим по адресу \"(.+)\"$","status":"passed","stage":"finished","steps":[],"attachments":[],"parameters":[{"name":"address","value":"http://www.ozon.ru/"}],"start":1582710820166,"stop":1582710831841}],"attachments":[],"parameters":[],"start":1582710820086,"stop":1582710831868},{"name":"Когда  Выполните поиск по \"беспроводные наушники\"","status":"passed","stage":"finished","steps":[{"name":"Вводим к строке поиска \"(.+)\"$","status":"passed","stage":"finished","steps":[],"attachments":[],"parameters":[{"name":"input","value":"беспроводные наушники"}],"start":1582710831872,"stop":1582710844048}],"attachments":[],"parameters":[],"start":1582710831870,"stop":1582710844049},{"name":"Когда  Ограничить цену до \"10 000\"","status":"passed","stage":"finished","steps":[{"name":"Ограничиваем цену \"(.+)\"$","status":"passed","stage":"finished","steps":[],"attachments":[],"parameters":[{"name":"limit","value":"10 000"}],"start":1582710844053,"stop":1582710851585}],"attachments":[],"parameters":[],"start":1582710844052,"stop":1582710851585},{"name":"Когда  Бренды : \"Beats\", \"Samsung\"","status":"passed","stage":"finished","steps":[{"name":"Бренды : \"(.+)\", \"(.+)\"","status":"passed","stage":"finished","steps":[],"attachments":[],"parameters":[{"name":"first","value":"Beats"},{"name":"second","value":"Samsung"}],"start":1582710851587,"stop":1582710910514}],"attachments":[],"parameters":[],"start":1582710851586,"stop":1582710910515},{"name":"Когда  Отметить чекбокс – \"Высокий рейтинг\"","status":"failed","stage":"finished","steps":[{"name":"Выбираем приоритет выдачи поиска","status":"broken","statusDetails":{"known":false,"muted":false,"flaky":false,"message":"no such element: Unable to locate element: {\"method\":\"xpath\",\"selector\":\"//div[@class='a1']//button\"}\n  (Session info: chrome=80.0.3987.122)\n  (Driver info: chromedriver=79.0.3945.36 (3582db32b33893869b8c1339e8f4d9ed1816f143-refs/branch-heads/3945@{#614}),platform=Mac OS X 10.14.5 x86_64) (WARNING: The server did not provide any stacktrace information)\nCommand duration or timeout: 20.01 seconds\nFor documentation on this error, please visit: http://seleniumhq.org/exceptions/no_such_element.html\nBuild info: version: '2.53.1', revision: 'a36b8b1cd5757287168e54b817830adce9b0158d', time: '2016-06-30 19:26:09'\nSystem info: host: 'Znakarik-MacBook.local', ip: '172.20.10.13', os.name: 'Mac OS X', os.arch: 'x86_64', os.version: '10.14.5', java.version: '1.8.0_231'\nDriver info: org.openqa.selenium.chrome.ChromeDriver\nCapabilities [{mobileEmulationEnabled=false, timeouts={implicit=0, pageLoad=300000, script=30000}, hasTouchScreen=false, platform=MAC, acceptSslCerts=false, goog:chromeOptions={debuggerAddress=localhost:53312}, acceptInsecureCerts=false, webStorageEnabled=true, browserName=chrome, takesScreenshot=true, javascriptEnabled=true, setWindowRect=true, unexpectedAlertBehaviour=ignore, applicationCacheEnabled=false, rotatable=false, networkConnectionEnabled=false, chrome={chromedriverVersion=79.0.3945.36 (3582db32b33893869b8c1339e8f4d9ed1816f143-refs/branch-heads/3945@{#614}), userDataDir=/var/folders/7k/7kxzhkmd37s9vbtdl70k14lw0000gp/T/.com.google.Chrome.iFYA64}, takesHeapSnapshot=true, pageLoadStrategy=normal, strictFileInteractability=false, databaseEnabled=false, handlesAlerts=true, version=80.0.3987.122, browserConnectionEnabled=false, proxy={}, nativeEvents=true, locationContextEnabled=true, cssSelectorsEnabled=true}]\nSession ID: 27a0d41327b0b25ec61ee4cb4134611c\n*** Element info: {Using=xpath, value=//div[@class='a1']//button}","trace":"org.openqa.selenium.NoSuchElementException: no such element: Unable to locate element: {\"method\":\"xpath\",\"selector\":\"//div[@class='a1']//button\"}\n  (Session info: chrome=80.0.3987.122)\n  (Driver info: chromedriver=79.0.3945.36 (3582db32b33893869b8c1339e8f4d9ed1816f143-refs/branch-heads/3945@{#614}),platform=Mac OS X 10.14.5 x86_64) (WARNING: The server did not provide any stacktrace information)\nCommand duration or timeout: 20.01 seconds\nFor documentation on this error, please visit: http://seleniumhq.org/exceptions/no_such_element.html\nBuild info: version: '2.53.1', revision: 'a36b8b1cd5757287168e54b817830adce9b0158d', time: '2016-06-30 19:26:09'\nSystem info: host: 'Znakarik-MacBook.local', ip: '172.20.10.13', os.name: 'Mac OS X', os.arch: 'x86_64', os.version: '10.14.5', java.version: '1.8.0_231'\nDriver info: org.openqa.selenium.chrome.ChromeDriver\nCapabilities [{mobileEmulationEnabled=false, timeouts={implicit=0, pageLoad=300000, script=30000}, hasTouchScreen=false, platform=MAC, acceptSslCerts=false, goog:chromeOptions={debuggerAddress=localhost:53312}, acceptInsecureCerts=false, webStorageEnabled=true, browserName=chrome, takesScreenshot=true, javascriptEnabled=true, setWindowRect=true, unexpectedAlertBehaviour=ignore, applicationCacheEnabled=false, rotatable=false, networkConnectionEnabled=false, chrome={chromedriverVersion=79.0.3945.36 (3582db32b33893869b8c1339e8f4d9ed1816f143-refs/branch-heads/3945@{#614}), userDataDir=/var/folders/7k/7kxzhkmd37s9vbtdl70k14lw0000gp/T/.com.google.Chrome.iFYA64}, takesHeapSnapshot=true, pageLoadStrategy=normal, strictFileInteractability=false, databaseEnabled=false, handlesAlerts=true, version=80.0.3987.122, browserConnectionEnabled=false, proxy={}, nativeEvents=true, locationContextEnabled=true, cssSelectorsEnabled=true}]\nSession ID: 27a0d41327b0b25ec61ee4cb4134611c\n*** Element info: {Using=xpath, value=//div[@class='a1']//button}\n\tat sun.reflect.NativeConstructorAccessorImpl.newInstance0(Native Method)\n\tat sun.reflect.NativeConstructorAccessorImpl.newInstance(NativeConstructorAccessorImpl.java:62)\n\tat sun.reflect.DelegatingConstructorAccessorImpl.newInstance(DelegatingConstructorAccessorImpl.java:45)\n\tat java.lang.reflect.Constructor.newInstance(Constructor.java:423)\n\tat org.openqa.selenium.remote.ErrorHandler.createThrowable(ErrorHandler.java:206)\n\tat org.openqa.selenium.remote.ErrorHandler.throwIfResponseFailed(ErrorHandler.java:158)\n\tat org.openqa.selenium.remote.RemoteWebDriver.execute(RemoteWebDriver.java:678)\n\tat org.openqa.selenium.remote.RemoteWebDriver.findElement(RemoteWebDriver.java:363)\n\tat org.openqa.selenium.remote.RemoteWebDriver.findElementByXPath(RemoteWebDriver.java:500)\n\tat org.openqa.selenium.By$ByXPath.findElement(By.java:361)\n\tat org.openqa.selenium.remote.RemoteWebDriver.findElement(RemoteWebDriver.java:355)\n\tat ru.stqa.selenium.wrapper.WebDriverWrapper.findElement(WebDriverWrapper.java:195)\n\tat steps.ItemsPageSteps.voteHighPriority(ItemsPageSteps.java:58)\n\tat steps.CucumberSteps.chooseHighRate(CucumberSteps.java:41)\n\tat sun.reflect.NativeMethodAccessorImpl.invoke0(Native Method)\n\tat sun.reflect.NativeMethodAccessorImpl.invoke(NativeMethodAccessorImpl.java:62)\n\tat sun.reflect.DelegatingMethodAccessorImpl.invoke(DelegatingMethodAccessorImpl.java:43)\n\tat java.lang.reflect.Method.invoke(Method.java:498)\n\tat cucumber.runtime.Utils$1.call(Utils.java:26)\n\tat cucumber.runtime.Timeout.timeout(Timeout.java:16)\n\tat cucumber.runtime.Utils.invoke(Utils.java:20)\n\tat cucumber.runtime.java.JavaStepDefinition.execute(JavaStepDefinition.java:48)\n\tat cucumber.runtime.PickleStepDefinitionMatch.runStep(PickleStepDefinitionMatch.java:50)\n\tat cucumber.runner.TestStep.executeStep(TestStep.java:55)\n\tat cucumber.runner.TestStep.run(TestStep.java:42)\n\tat cucumber.runner.PickleStepTestStep.run(PickleStepTestStep.java:53)\n\tat cucumber.runner.TestCase.run(TestCase.java:47)\n\tat cucumber.runner.Runner.runPickle(Runner.java:44)\n\tat cucumber.runtime.junit.PickleRunners$NoStepDescriptions.run(PickleRunners.java:140)\n\tat cucumber.runtime.junit.FeatureRunner.runChild(FeatureRunner.java:68)\n\tat cucumber.runtime.junit.FeatureRunner.runChild(FeatureRunner.java:23)\n\tat org.junit.runners.ParentRunner$3.run(ParentRunner.java:290)\n\tat org.junit.runners.ParentRunner$1.schedule(ParentRunner.java:71)\n\tat org.junit.runners.ParentRunner.runChildren(ParentRunner.java:288)\n\tat org.junit.runners.ParentRunner.access$000(ParentRunner.java:58)\n\tat org.junit.runners.ParentRunner$2.evaluate(ParentRunner.java:268)\n\tat org.junit.runners.ParentRunner.run(ParentRunner.java:363)\n\tat cucumber.runtime.junit.FeatureRunner.run(FeatureRunner.java:73)\n\tat cucumber.api.junit.Cucumber.runChild(Cucumber.java:98)\n\tat cucumber.api.junit.Cucumber.runChild(Cucumber.java:55)\n\tat org.junit.runners.ParentRunner$3.run(ParentRunner.java:290)\n\tat org.junit.runners.ParentRunner$1.schedule(ParentRunner.java:71)\n\tat org.junit.runners.ParentRunner.runChildren(ParentRunner.java:288)\n\tat org.junit.runners.ParentRunner.access$000(ParentRunner.java:58)\n\tat org.junit.runners.ParentRunner$2.evaluate(ParentRunner.java:268)\n\tat cucumber.api.junit.Cucumber$1.evaluate(Cucumber.java:107)\n\tat org.junit.runners.ParentRunner.run(ParentRunner.java:363)\n\tat org.junit.runner.JUnitCore.run(JUnitCore.java:137)\n\tat com.intellij.junit4.JUnit4IdeaTestRunner.startRunnerWithArgs(JUnit4IdeaTestRunner.java:68)\n\tat com.intellij.rt.junit.IdeaTestRunner$Repeater.startRunnerWithArgs(IdeaTestRunner.java:33)\n\tat com.intellij.rt.junit.JUnitStarter.prepareStreamsAndStart(JUnitStarter.java:230)\n\tat com.intellij.rt.junit.JUnitStarter.main(JUnitStarter.java:58)\n"},"stage":"finished","steps":[],"attachments":[],"parameters":[{"name":"priority","value":"Высокий рейтинг"}],"start":1582710910517,"stop":1582710953926}],"attachments":[],"parameters":[],"start":1582710910516,"stop":1582710953929},{"name":"Когда  Из результатов поиска добавьте в корзину все четные товары","status":"skipped","stage":"finished","steps":[],"attachments":[],"parameters":[],"start":1582710953933,"stop":1582710953934},{"name":"Когда  Перейдите в корзину, убедитесь, что все добавленные ранее товары находятся в корзине","status":"skipped","stage":"finished","steps":[],"attachments":[],"parameters":[],"start":1582710953935,"stop":1582710953935},{"name":"Когда  Запомнить название товаров","status":"skipped","stage":"finished","steps":[],"attachments":[],"parameters":[],"start":1582710953936,"stop":1582710953937},{"name":"Когда  Перейдите в корзину, убедитесь, что все добавленные ранее товары находятся в корзине","status":"skipped","stage":"finished","steps":[],"attachments":[],"parameters":[],"start":1582710953937,"stop":1582710953938},{"name":"Когда  Удалите все товары из корзины","status":"skipped","stage":"finished","steps":[],"attachments":[],"parameters":[],"start":1582710953938,"stop":1582710953939},{"name":"Тогда  Проверьте, что корзина не содержит никаких товаров","status":"skipped","stage":"finished","steps":[],"attachments":[],"parameters":[],"start":1582710953940,"stop":1582710953940},{"name":"Тогда  Приложить файл с информацией о всех добавленных товарах, указать товар с наибольшей ценой","status":"skipped","stage":"finished","steps":[],"attachments":[],"parameters":[],"start":1582710953941,"stop":1582710953942},{"name":"after","status":"passed","stage":"finished","steps":[],"attachments":[],"parameters":[],"start":1582710953943,"stop":1582710953944}],"attachments":[],"parameters":[],"start":1582710810241,"stop":1582710953951,"uuid":"fd8ea0b5-2cb5-4390-ad65-339a1ca3029b","historyId":"74c9f31292ebed7077d1e3f28d099c8b","labels":[{"name":"feature","value":"Добавление и удаление наушников"},{"name":"story","value":"Второй тест"},{"name":"tag","value":"Second"},{"name":"host","value":"Znakarik-MacBook.local"},{"name":"package","value":"Добавление и удаление наушников"},{"name":"suite","value":"Добавление и удаление наушников"},{"name":"testClass","value":"Второй тест"},{"name":"thread","value":"79744@Znakarik-MacBook.local.main(1)"}],"links":[]}